<?xml version="1.0" encoding="UTF-8"?>
<testsuite xmlns:xsi="http://www.w3.org/2001/XMLSchema-instance" xsi:noNamespaceSchemaLocation="https://maven.apache.org/surefire/maven-surefire-plugin/xsd/surefire-test-report-3.0.xsd" version="3.0" name="com.epam.gym_crm.service.impl.TrainerServiceImplTest" time="0.157" tests="23" errors="0" skipped="0" failures="0">
  <properties>
    <property name="java.specification.version" value="17"/>
    <property name="sun.cpu.isalist" value="amd64"/>
    <property name="sun.jnu.encoding" value="Cp1254"/>
    <property name="java.class.path" value="C:\Users\merve\OneDrive\Masaüstü\Spring\gym-crm\target\test-classes;C:\Users\merve\OneDrive\Masaüstü\Spring\gym-crm\target\classes;C:\Users\merve\.m2\repository\org\springframework\spring-context\6.1.6\spring-context-6.1.6.jar;C:\Users\merve\.m2\repository\org\springframework\spring-beans\6.1.6\spring-beans-6.1.6.jar;C:\Users\merve\.m2\repository\org\springframework\spring-core\6.1.6\spring-core-6.1.6.jar;C:\Users\merve\.m2\repository\org\springframework\spring-jcl\6.1.6\spring-jcl-6.1.6.jar;C:\Users\merve\.m2\repository\org\springframework\spring-expression\6.1.6\spring-expression-6.1.6.jar;C:\Users\merve\.m2\repository\io\micrometer\micrometer-observation\1.12.5\micrometer-observation-1.12.5.jar;C:\Users\merve\.m2\repository\io\micrometer\micrometer-commons\1.12.5\micrometer-commons-1.12.5.jar;C:\Users\merve\.m2\repository\org\slf4j\slf4j-api\2.0.13\slf4j-api-2.0.13.jar;C:\Users\merve\.m2\repository\jakarta\persistence\jakarta.persistence-api\3.1.0\jakarta.persistence-api-3.1.0.jar;C:\Users\merve\.m2\repository\org\hibernate\orm\hibernate-core\6.5.2.Final\hibernate-core-6.5.2.Final.jar;C:\Users\merve\.m2\repository\jakarta\transaction\jakarta.transaction-api\2.0.1\jakarta.transaction-api-2.0.1.jar;C:\Users\merve\.m2\repository\org\jboss\logging\jboss-logging\3.5.0.Final\jboss-logging-3.5.0.Final.jar;C:\Users\merve\.m2\repository\org\hibernate\common\hibernate-commons-annotations\6.0.6.Final\hibernate-commons-annotations-6.0.6.Final.jar;C:\Users\merve\.m2\repository\io\smallrye\jandex\3.1.2\jandex-3.1.2.jar;C:\Users\merve\.m2\repository\com\fasterxml\classmate\1.5.1\classmate-1.5.1.jar;C:\Users\merve\.m2\repository\net\bytebuddy\byte-buddy\1.14.15\byte-buddy-1.14.15.jar;C:\Users\merve\.m2\repository\jakarta\xml\bind\jakarta.xml.bind-api\4.0.0\jakarta.xml.bind-api-4.0.0.jar;C:\Users\merve\.m2\repository\jakarta\activation\jakarta.activation-api\2.1.0\jakarta.activation-api-2.1.0.jar;C:\Users\merve\.m2\repository\org\glassfish\jaxb\jaxb-runtime\4.0.2\jaxb-runtime-4.0.2.jar;C:\Users\merve\.m2\repository\org\glassfish\jaxb\jaxb-core\4.0.2\jaxb-core-4.0.2.jar;C:\Users\merve\.m2\repository\org\eclipse\angus\angus-activation\2.0.0\angus-activation-2.0.0.jar;C:\Users\merve\.m2\repository\org\glassfish\jaxb\txw2\4.0.2\txw2-4.0.2.jar;C:\Users\merve\.m2\repository\com\sun\istack\istack-commons-runtime\4.1.1\istack-commons-runtime-4.1.1.jar;C:\Users\merve\.m2\repository\jakarta\inject\jakarta.inject-api\2.0.1\jakarta.inject-api-2.0.1.jar;C:\Users\merve\.m2\repository\org\antlr\antlr4-runtime\4.13.0\antlr4-runtime-4.13.0.jar;C:\Users\merve\.m2\repository\org\slf4j\slf4j-simple\2.0.13\slf4j-simple-2.0.13.jar;C:\Users\merve\.m2\repository\org\projectlombok\lombok\1.18.30\lombok-1.18.30.jar;C:\Users\merve\.m2\repository\org\springframework\data\spring-data-jpa\3.2.5\spring-data-jpa-3.2.5.jar;C:\Users\merve\.m2\repository\org\springframework\data\spring-data-commons\3.2.5\spring-data-commons-3.2.5.jar;C:\Users\merve\.m2\repository\org\springframework\spring-orm\6.1.6\spring-orm-6.1.6.jar;C:\Users\merve\.m2\repository\org\springframework\spring-tx\6.1.6\spring-tx-6.1.6.jar;C:\Users\merve\.m2\repository\jakarta\validation\jakarta.validation-api\3.0.2\jakarta.validation-api-3.0.2.jar;C:\Users\merve\.m2\repository\jakarta\annotation\jakarta.annotation-api\2.1.1\jakarta.annotation-api-2.1.1.jar;C:\Users\merve\.m2\repository\org\hibernate\validator\hibernate-validator\8.0.1.Final\hibernate-validator-8.0.1.Final.jar;C:\Users\merve\.m2\repository\org\postgresql\postgresql\42.7.7\postgresql-42.7.7.jar;C:\Users\merve\.m2\repository\org\checkerframework\checker-qual\3.49.3\checker-qual-3.49.3.jar;C:\Users\merve\.m2\repository\org\springframework\spring-jdbc\7.0.0-M7\spring-jdbc-7.0.0-M7.jar;C:\Users\merve\.m2\repository\org\springframework\spring-aop\6.1.6\spring-aop-6.1.6.jar;C:\Users\merve\.m2\repository\org\aspectj\aspectjweaver\1.9.21\aspectjweaver-1.9.21.jar;C:\Users\merve\.m2\repository\com\fasterxml\jackson\core\jackson-databind\2.17.2\jackson-databind-2.17.2.jar;C:\Users\merve\.m2\repository\com\fasterxml\jackson\core\jackson-annotations\2.17.2\jackson-annotations-2.17.2.jar;C:\Users\merve\.m2\repository\com\fasterxml\jackson\core\jackson-core\2.17.2\jackson-core-2.17.2.jar;C:\Users\merve\.m2\repository\com\fasterxml\jackson\datatype\jackson-datatype-jsr310\2.17.2\jackson-datatype-jsr310-2.17.2.jar;C:\Users\merve\.m2\repository\org\springframework\spring-test\6.1.6\spring-test-6.1.6.jar;C:\Users\merve\.m2\repository\org\junit\jupiter\junit-jupiter-api\5.11.0\junit-jupiter-api-5.11.0.jar;C:\Users\merve\.m2\repository\org\opentest4j\opentest4j\1.3.0\opentest4j-1.3.0.jar;C:\Users\merve\.m2\repository\org\junit\platform\junit-platform-commons\1.11.0\junit-platform-commons-1.11.0.jar;C:\Users\merve\.m2\repository\org\apiguardian\apiguardian-api\1.1.2\apiguardian-api-1.1.2.jar;C:\Users\merve\.m2\repository\org\junit\jupiter\junit-jupiter-engine\5.11.0\junit-jupiter-engine-5.11.0.jar;C:\Users\merve\.m2\repository\org\junit\platform\junit-platform-engine\1.11.0\junit-platform-engine-1.11.0.jar;C:\Users\merve\.m2\repository\org\mockito\mockito-core\5.11.0\mockito-core-5.11.0.jar;C:\Users\merve\.m2\repository\net\bytebuddy\byte-buddy-agent\1.14.12\byte-buddy-agent-1.14.12.jar;C:\Users\merve\.m2\repository\org\objenesis\objenesis\3.3\objenesis-3.3.jar;C:\Users\merve\.m2\repository\org\mockito\mockito-junit-jupiter\5.11.0\mockito-junit-jupiter-5.11.0.jar;"/>
    <property name="java.vm.vendor" value="Oracle Corporation"/>
    <property name="sun.arch.data.model" value="64"/>
    <property name="user.variant" value=""/>
    <property name="java.vendor.url" value="https://java.oracle.com/"/>
    <property name="user.timezone" value="Europe/Istanbul"/>
    <property name="os.name" value="Windows 11"/>
    <property name="java.vm.specification.version" value="17"/>
    <property name="sun.java.launcher" value="SUN_STANDARD"/>
    <property name="user.country" value="TR"/>
    <property name="sun.boot.library.path" value="C:\Program Files\Java\jdk-17\bin"/>
    <property name="sun.java.command" value="C:\Users\merve\AppData\Local\Temp\surefire17934277894655736810\surefirebooter-20250723160150611_3.jar C:\Users\merve\AppData\Local\Temp\surefire17934277894655736810 2025-07-23T16-01-50_498-jvmRun1 surefire-20250723160150611_1tmp surefire_0-20250723160150611_2tmp"/>
    <property name="jdk.debug" value="release"/>
    <property name="surefire.test.class.path" value="C:\Users\merve\OneDrive\Masaüstü\Spring\gym-crm\target\test-classes;C:\Users\merve\OneDrive\Masaüstü\Spring\gym-crm\target\classes;C:\Users\merve\.m2\repository\org\springframework\spring-context\6.1.6\spring-context-6.1.6.jar;C:\Users\merve\.m2\repository\org\springframework\spring-beans\6.1.6\spring-beans-6.1.6.jar;C:\Users\merve\.m2\repository\org\springframework\spring-core\6.1.6\spring-core-6.1.6.jar;C:\Users\merve\.m2\repository\org\springframework\spring-jcl\6.1.6\spring-jcl-6.1.6.jar;C:\Users\merve\.m2\repository\org\springframework\spring-expression\6.1.6\spring-expression-6.1.6.jar;C:\Users\merve\.m2\repository\io\micrometer\micrometer-observation\1.12.5\micrometer-observation-1.12.5.jar;C:\Users\merve\.m2\repository\io\micrometer\micrometer-commons\1.12.5\micrometer-commons-1.12.5.jar;C:\Users\merve\.m2\repository\org\slf4j\slf4j-api\2.0.13\slf4j-api-2.0.13.jar;C:\Users\merve\.m2\repository\jakarta\persistence\jakarta.persistence-api\3.1.0\jakarta.persistence-api-3.1.0.jar;C:\Users\merve\.m2\repository\org\hibernate\orm\hibernate-core\6.5.2.Final\hibernate-core-6.5.2.Final.jar;C:\Users\merve\.m2\repository\jakarta\transaction\jakarta.transaction-api\2.0.1\jakarta.transaction-api-2.0.1.jar;C:\Users\merve\.m2\repository\org\jboss\logging\jboss-logging\3.5.0.Final\jboss-logging-3.5.0.Final.jar;C:\Users\merve\.m2\repository\org\hibernate\common\hibernate-commons-annotations\6.0.6.Final\hibernate-commons-annotations-6.0.6.Final.jar;C:\Users\merve\.m2\repository\io\smallrye\jandex\3.1.2\jandex-3.1.2.jar;C:\Users\merve\.m2\repository\com\fasterxml\classmate\1.5.1\classmate-1.5.1.jar;C:\Users\merve\.m2\repository\net\bytebuddy\byte-buddy\1.14.15\byte-buddy-1.14.15.jar;C:\Users\merve\.m2\repository\jakarta\xml\bind\jakarta.xml.bind-api\4.0.0\jakarta.xml.bind-api-4.0.0.jar;C:\Users\merve\.m2\repository\jakarta\activation\jakarta.activation-api\2.1.0\jakarta.activation-api-2.1.0.jar;C:\Users\merve\.m2\repository\org\glassfish\jaxb\jaxb-runtime\4.0.2\jaxb-runtime-4.0.2.jar;C:\Users\merve\.m2\repository\org\glassfish\jaxb\jaxb-core\4.0.2\jaxb-core-4.0.2.jar;C:\Users\merve\.m2\repository\org\eclipse\angus\angus-activation\2.0.0\angus-activation-2.0.0.jar;C:\Users\merve\.m2\repository\org\glassfish\jaxb\txw2\4.0.2\txw2-4.0.2.jar;C:\Users\merve\.m2\repository\com\sun\istack\istack-commons-runtime\4.1.1\istack-commons-runtime-4.1.1.jar;C:\Users\merve\.m2\repository\jakarta\inject\jakarta.inject-api\2.0.1\jakarta.inject-api-2.0.1.jar;C:\Users\merve\.m2\repository\org\antlr\antlr4-runtime\4.13.0\antlr4-runtime-4.13.0.jar;C:\Users\merve\.m2\repository\org\slf4j\slf4j-simple\2.0.13\slf4j-simple-2.0.13.jar;C:\Users\merve\.m2\repository\org\projectlombok\lombok\1.18.30\lombok-1.18.30.jar;C:\Users\merve\.m2\repository\org\springframework\data\spring-data-jpa\3.2.5\spring-data-jpa-3.2.5.jar;C:\Users\merve\.m2\repository\org\springframework\data\spring-data-commons\3.2.5\spring-data-commons-3.2.5.jar;C:\Users\merve\.m2\repository\org\springframework\spring-orm\6.1.6\spring-orm-6.1.6.jar;C:\Users\merve\.m2\repository\org\springframework\spring-tx\6.1.6\spring-tx-6.1.6.jar;C:\Users\merve\.m2\repository\jakarta\validation\jakarta.validation-api\3.0.2\jakarta.validation-api-3.0.2.jar;C:\Users\merve\.m2\repository\jakarta\annotation\jakarta.annotation-api\2.1.1\jakarta.annotation-api-2.1.1.jar;C:\Users\merve\.m2\repository\org\hibernate\validator\hibernate-validator\8.0.1.Final\hibernate-validator-8.0.1.Final.jar;C:\Users\merve\.m2\repository\org\postgresql\postgresql\42.7.7\postgresql-42.7.7.jar;C:\Users\merve\.m2\repository\org\checkerframework\checker-qual\3.49.3\checker-qual-3.49.3.jar;C:\Users\merve\.m2\repository\org\springframework\spring-jdbc\7.0.0-M7\spring-jdbc-7.0.0-M7.jar;C:\Users\merve\.m2\repository\org\springframework\spring-aop\6.1.6\spring-aop-6.1.6.jar;C:\Users\merve\.m2\repository\org\aspectj\aspectjweaver\1.9.21\aspectjweaver-1.9.21.jar;C:\Users\merve\.m2\repository\com\fasterxml\jackson\core\jackson-databind\2.17.2\jackson-databind-2.17.2.jar;C:\Users\merve\.m2\repository\com\fasterxml\jackson\core\jackson-annotations\2.17.2\jackson-annotations-2.17.2.jar;C:\Users\merve\.m2\repository\com\fasterxml\jackson\core\jackson-core\2.17.2\jackson-core-2.17.2.jar;C:\Users\merve\.m2\repository\com\fasterxml\jackson\datatype\jackson-datatype-jsr310\2.17.2\jackson-datatype-jsr310-2.17.2.jar;C:\Users\merve\.m2\repository\org\springframework\spring-test\6.1.6\spring-test-6.1.6.jar;C:\Users\merve\.m2\repository\org\junit\jupiter\junit-jupiter-api\5.11.0\junit-jupiter-api-5.11.0.jar;C:\Users\merve\.m2\repository\org\opentest4j\opentest4j\1.3.0\opentest4j-1.3.0.jar;C:\Users\merve\.m2\repository\org\junit\platform\junit-platform-commons\1.11.0\junit-platform-commons-1.11.0.jar;C:\Users\merve\.m2\repository\org\apiguardian\apiguardian-api\1.1.2\apiguardian-api-1.1.2.jar;C:\Users\merve\.m2\repository\org\junit\jupiter\junit-jupiter-engine\5.11.0\junit-jupiter-engine-5.11.0.jar;C:\Users\merve\.m2\repository\org\junit\platform\junit-platform-engine\1.11.0\junit-platform-engine-1.11.0.jar;C:\Users\merve\.m2\repository\org\mockito\mockito-core\5.11.0\mockito-core-5.11.0.jar;C:\Users\merve\.m2\repository\net\bytebuddy\byte-buddy-agent\1.14.12\byte-buddy-agent-1.14.12.jar;C:\Users\merve\.m2\repository\org\objenesis\objenesis\3.3\objenesis-3.3.jar;C:\Users\merve\.m2\repository\org\mockito\mockito-junit-jupiter\5.11.0\mockito-junit-jupiter-5.11.0.jar;"/>
    <property name="sun.cpu.endian" value="little"/>
    <property name="user.home" value="C:\Users\merve"/>
    <property name="user.language" value="tr"/>
    <property name="java.specification.vendor" value="Oracle Corporation"/>
    <property name="java.version.date" value="2024-07-16"/>
    <property name="java.home" value="C:\Program Files\Java\jdk-17"/>
    <property name="file.separator" value="\"/>
    <property name="style.color" value="always"/>
    <property name="basedir" value="C:\Users\merve\OneDrive\Masaüstü\Spring\gym-crm"/>
    <property name="java.vm.compressedOopsMode" value="Zero based"/>
    <property name="line.separator" value="&#10;"/>
    <property name="java.vm.specification.vendor" value="Oracle Corporation"/>
    <property name="java.specification.name" value="Java Platform API Specification"/>
    <property name="surefire.real.class.path" value="C:\Users\merve\AppData\Local\Temp\surefire17934277894655736810\surefirebooter-20250723160150611_3.jar"/>
    <property name="user.script" value=""/>
    <property name="sun.management.compiler" value="HotSpot 64-Bit Tiered Compilers"/>
    <property name="java.runtime.version" value="17.0.12+8-LTS-286"/>
    <property name="user.name" value="merve"/>
    <property name="path.separator" value=";"/>
    <property name="os.version" value="10.0"/>
    <property name="java.runtime.name" value="Java(TM) SE Runtime Environment"/>
    <property name="file.encoding" value="Cp1254"/>
    <property name="java.vm.name" value="Java HotSpot(TM) 64-Bit Server VM"/>
    <property name="localRepository" value="C:\Users\merve\.m2\repository"/>
    <property name="java.vendor.url.bug" value="https://bugreport.java.com/bugreport/"/>
    <property name="java.io.tmpdir" value="C:\Users\merve\AppData\Local\Temp\"/>
    <property name="java.version" value="17.0.12"/>
    <property name="user.dir" value="C:\Users\merve\OneDrive\Masaüstü\Spring\gym-crm"/>
    <property name="os.arch" value="amd64"/>
    <property name="java.vm.specification.name" value="Java Virtual Machine Specification"/>
    <property name="sun.os.patch.level" value=""/>
    <property name="native.encoding" value="Cp1254"/>
    <property name="java.library.path" value="C:\Program Files\Java\jdk-17\bin;C:\WINDOWS\Sun\Java\bin;C:\WINDOWS\system32;C:\WINDOWS;C:/Users/merve/OneDrive/Masaüstü/sts-4.31.0.RELEASE//plugins/org.eclipse.justj.openjdk.hotspot.jre.full.win32.x86_64_21.0.7.v20250502-0916/jre/bin/server;C:/Users/merve/OneDrive/Masaüstü/sts-4.31.0.RELEASE//plugins/org.eclipse.justj.openjdk.hotspot.jre.full.win32.x86_64_21.0.7.v20250502-0916/jre/bin;C:\Program Files\Common Files\Oracle\Java\javapath;C:\Windows\system32;C:\Windows;C:\Windows\System32\Wbem;C:\Windows\System32\WindowsPowerShell\v1.0\;C:\Windows\System32\OpenSSH\;C:\Program Files (x86)\NVIDIA Corporation\PhysX\Common;C:\WINDOWS\system32;C:\WINDOWS;C:\WINDOWS\System32\Wbem;C:\WINDOWS\System32\WindowsPowerShell\v1.0\;C:\WINDOWS\System32\OpenSSH\;C:\Program Files\NVIDIA Corporation\NVIDIA app\NvDLISR;C:\Users\merve\AppData\Local\Microsoft\WindowsApps;C:\Users\merve\AppData\Local\GitHubDesktop\bin;C:\Users\merve\OneDrive\Masaüstü\sts-4.31.0.RELEASE;;."/>
    <property name="java.vm.info" value="mixed mode, sharing"/>
    <property name="java.vendor" value="Oracle Corporation"/>
    <property name="java.vm.version" value="17.0.12+8-LTS-286"/>
    <property name="sun.io.unicode.encoding" value="UnicodeLittle"/>
    <property name="java.class.version" value="61.0"/>
  </properties>
  <testcase name="shouldDoNothingWhenTrainerAlreadyInDesiredState" classname="com.epam.gym_crm.service.impl.TrainerServiceImplTest" time="0.085">
    <system-err><![CDATA[[main] INFO com.epam.gym_crm.service.impl.TrainerServiceImpl - User 'John.Doe' attempting to change activation status for Trainer 'John.Doe' to 'true'.
[main] INFO com.epam.gym_crm.service.impl.TrainerServiceImpl - Trainer 'John.Doe' is already in the requested state (isActive: true). No change needed.
]]></system-err>
  </testcase>
  <testcase name="shouldGetUnassignedTrainersForTraineeSuccessfully" classname="com.epam.gym_crm.service.impl.TrainerServiceImplTest" time="0.004">
    <system-err><![CDATA[[main] INFO com.epam.gym_crm.service.impl.TrainerServiceImpl - User 'Test.Trainee' attempting to retrieve unassigned and active trainers for trainee 'Test.Trainee'.
[main] INFO com.epam.gym_crm.service.impl.TrainerServiceImpl - Successfully retrieved 2 unassigned and active trainers for trainee 'Test.Trainee' for user 'Test.Trainee'.
]]></system-err>
  </testcase>
  <testcase name="shouldCreateTrainerSuccessfully" classname="com.epam.gym_crm.service.impl.TrainerServiceImplTest" time="0.0">
    <system-err><![CDATA[[main] INFO com.epam.gym_crm.service.impl.TrainerServiceImpl - Trainer profile created successfully for user: Jane.Doe
]]></system-err>
  </testcase>
  <testcase name="shouldThrowExceptionWhenFindTrainerByUsernameWithNullOrEmpty" classname="com.epam.gym_crm.service.impl.TrainerServiceImplTest" time="0.006">
    <system-err><![CDATA[[main] INFO com.epam.gym_crm.service.impl.TrainerServiceImpl - User 'John.Doe' attempting to find Trainer profile for username 'null'.
[main] ERROR com.epam.gym_crm.service.impl.TrainerServiceImpl - Trainer username for lookup cannot be null or empty.
[main] INFO com.epam.gym_crm.service.impl.TrainerServiceImpl - User 'John.Doe' attempting to find Trainer profile for username ''.
[main] ERROR com.epam.gym_crm.service.impl.TrainerServiceImpl - Trainer username for lookup cannot be null or empty.
]]></system-err>
  </testcase>
  <testcase name="shouldUpdateTrainerSuccessfully" classname="com.epam.gym_crm.service.impl.TrainerServiceImplTest" time="0.002">
    <system-err><![CDATA[[main] INFO com.epam.gym_crm.service.impl.TrainerServiceImpl - Trainer profile updated successfully for user: John.Doe
]]></system-err>
  </testcase>
  <testcase name="shouldThrowExceptionWhenUpdateTrainerNotFound" classname="com.epam.gym_crm.service.impl.TrainerServiceImplTest" time="0.0">
    <system-err><![CDATA[[main] WARN com.epam.gym_crm.service.impl.TrainerServiceImpl - Trainer profile not found for update with username: NonExistent.Trainer
]]></system-err>
  </testcase>
  <testcase name="shouldGetAllTrainersSuccessfully" classname="com.epam.gym_crm.service.impl.TrainerServiceImplTest" time="0.008">
    <system-err><![CDATA[[main] INFO com.epam.gym_crm.service.impl.TrainerServiceImpl - User 'John.Doe' attempting to retrieve all Trainers.
[main] INFO com.epam.gym_crm.service.impl.TrainerServiceImpl - Retrieved 2 trainers from the database.
[main] INFO com.epam.gym_crm.service.impl.TrainerServiceImpl - Converted 2 Trainer entities to TrainerResponse DTOs.
]]></system-err>
  </testcase>
  <testcase name="shouldThrowExceptionWhenGetUnassignedTrainersForInactiveTrainee" classname="com.epam.gym_crm.service.impl.TrainerServiceImplTest" time="0.003">
    <system-err><![CDATA[[main] INFO com.epam.gym_crm.service.impl.TrainerServiceImpl - User 'Inactive.Trainee' attempting to retrieve unassigned and active trainers for trainee 'Inactive.Trainee'.
[main] WARN com.epam.gym_crm.service.impl.TrainerServiceImpl - Trainee 'Inactive.Trainee' is not active. Cannot retrieve unassigned trainers.
]]></system-err>
  </testcase>
  <testcase name="shouldDeactivateTrainerSuccessfully" classname="com.epam.gym_crm.service.impl.TrainerServiceImplTest" time="0.0">
    <system-err><![CDATA[[main] INFO com.epam.gym_crm.service.impl.TrainerServiceImpl - User 'John.Doe' attempting to change activation status for Trainer 'John.Doe' to 'false'.
[main] INFO com.epam.gym_crm.service.impl.TrainerServiceImpl - Trainer 'John.Doe' activation status changed to false by user 'John.Doe'.
]]></system-err>
  </testcase>
  <testcase name="shouldReturnEmptyListWhenNoTrainersExist" classname="com.epam.gym_crm.service.impl.TrainerServiceImplTest" time="0.007">
    <system-err><![CDATA[[main] INFO com.epam.gym_crm.service.impl.TrainerServiceImpl - User 'John.Doe' attempting to retrieve all Trainers.
[main] INFO com.epam.gym_crm.service.impl.TrainerServiceImpl - Retrieved 0 trainers from the database.
[main] INFO com.epam.gym_crm.service.impl.TrainerServiceImpl - Converted 0 Trainer entities to TrainerResponse DTOs.
]]></system-err>
  </testcase>
  <testcase name="shouldThrowExceptionWhenUpdateTrainerTrainingTypeNotFound" classname="com.epam.gym_crm.service.impl.TrainerServiceImplTest" time="0.002">
    <system-err><![CDATA[[main] WARN com.epam.gym_crm.service.impl.TrainerServiceImpl - Invalid training type for update: NonExistentType
]]></system-err>
  </testcase>
  <testcase name="shouldThrowExceptionWhenFindTrainerByIdWithNullOrInvalidId" classname="com.epam.gym_crm.service.impl.TrainerServiceImplTest" time="0.003">
    <system-err><![CDATA[[main] INFO com.epam.gym_crm.service.impl.TrainerServiceImpl - User 'John.Doe' attempting to find Trainer profile by ID '0'.
[main] ERROR com.epam.gym_crm.service.impl.TrainerServiceImpl - Trainer ID for lookup cannot be null or non-positive: 0
]]></system-err>
  </testcase>
  <testcase name="shouldThrowExceptionWhenUpdateTrainerUnauthorized" classname="com.epam.gym_crm.service.impl.TrainerServiceImplTest" time="0.0">
    <system-err><![CDATA[[main] ERROR com.epam.gym_crm.service.impl.TrainerServiceImpl - Unauthorized attempt to update Trainer profile for user 'Other.Trainer' by current user 'Current.User'.
]]></system-err>
  </testcase>
  <testcase name="shouldThrowExceptionWhenActivateDeactivateTrainerRequestIsNull" classname="com.epam.gym_crm.service.impl.TrainerServiceImplTest" time="0.0"/>
  <testcase name="shouldThrowExceptionWhenFindTrainerByIdNotFound" classname="com.epam.gym_crm.service.impl.TrainerServiceImplTest" time="0.009">
    <system-err><![CDATA[[main] INFO com.epam.gym_crm.service.impl.TrainerServiceImpl - User 'John.Doe' attempting to find Trainer profile by ID '99'.
[main] WARN com.epam.gym_crm.service.impl.TrainerServiceImpl - Trainer not found with ID=99
]]></system-err>
  </testcase>
  <testcase name="shouldThrowExceptionWhenCreateTrainerRequestIsNull" classname="com.epam.gym_crm.service.impl.TrainerServiceImplTest" time="0.002">
    <system-err><![CDATA[[main] ERROR com.epam.gym_crm.service.impl.TrainerServiceImpl - Trainer must not be null
]]></system-err>
  </testcase>
  <testcase name="shouldThrowExceptionWhenFindTrainerByUsernameNotFound" classname="com.epam.gym_crm.service.impl.TrainerServiceImplTest" time="0.002">
    <system-err><![CDATA[[main] INFO com.epam.gym_crm.service.impl.TrainerServiceImpl - User 'John.Doe' attempting to find Trainer profile for username 'NonExistent.Trainer'.
[main] WARN com.epam.gym_crm.service.impl.TrainerServiceImpl - Trainer not found with username:NonExistent.Trainer
]]></system-err>
  </testcase>
  <testcase name="shouldThrowExceptionWhenCreateTrainerTrainingTypeNotFound" classname="com.epam.gym_crm.service.impl.TrainerServiceImplTest" time="0.0">
    <system-err><![CDATA[[main] ERROR com.epam.gym_crm.service.impl.TrainerServiceImpl - Training type not found: NonExistentType
]]></system-err>
  </testcase>
  <testcase name="shouldThrowExceptionWhenCreateTrainerFailedToSave" classname="com.epam.gym_crm.service.impl.TrainerServiceImplTest" time="0.0">
    <system-err><![CDATA[[main] ERROR com.epam.gym_crm.service.impl.TrainerServiceImpl - Failed to save Trainer entity to the database for user: Jane.Doe
]]></system-err>
  </testcase>
  <testcase name="shouldFindTrainerByUsernameSuccessfully" classname="com.epam.gym_crm.service.impl.TrainerServiceImplTest" time="0.011">
    <system-err><![CDATA[[main] INFO com.epam.gym_crm.service.impl.TrainerServiceImpl - User 'John.Doe' attempting to find Trainer profile for username 'John.Doe'.
[main] INFO com.epam.gym_crm.service.impl.TrainerServiceImpl - Finding Trainer by username='John.Doe' -> Found: true
]]></system-err>
  </testcase>
  <testcase name="shouldThrowExceptionWhenUpdateTrainerRequestIsNull" classname="com.epam.gym_crm.service.impl.TrainerServiceImplTest" time="0.002">
    <system-err><![CDATA[[main] ERROR com.epam.gym_crm.service.impl.TrainerServiceImpl - Update request or username cannot be null/empty for Trainer profile.
]]></system-err>
  </testcase>
  <testcase name="shouldFindTrainerByIdSuccessfully" classname="com.epam.gym_crm.service.impl.TrainerServiceImplTest" time="0.005">
    <system-err><![CDATA[[main] INFO com.epam.gym_crm.service.impl.TrainerServiceImpl - User 'John.Doe' attempting to find Trainer profile by ID '1'.
[main] INFO com.epam.gym_crm.service.impl.TrainerServiceImpl - Finding Trainer by ID=1 -> Found: true
]]></system-err>
  </testcase>
  <testcase name="shouldActivateTrainerSuccessfully" classname="com.epam.gym_crm.service.impl.TrainerServiceImplTest" time="0.003">
    <system-err><![CDATA[[main] INFO com.epam.gym_crm.service.impl.TrainerServiceImpl - User 'John.Doe' attempting to change activation status for Trainer 'John.Doe' to 'true'.
[main] INFO com.epam.gym_crm.service.impl.TrainerServiceImpl - Trainer 'John.Doe' activation status changed to true by user 'John.Doe'.
]]></system-err>
  </testcase>
</testsuite>