<?xml version="1.0" encoding="UTF-8"?>
<testsuite xmlns:xsi="http://www.w3.org/2001/XMLSchema-instance" xsi:noNamespaceSchemaLocation="https://maven.apache.org/surefire/maven-surefire-plugin/xsd/surefire-test-report-3.0.xsd" version="3.0" name="com.epam.gym_crm.service.impl.TrainerServiceImplTest" time="0.12" tests="23" errors="0" skipped="0" failures="0">
  <properties>
    <property name="java.specification.version" value="21"/>
    <property name="sun.cpu.isalist" value="amd64"/>
    <property name="sun.jnu.encoding" value="Cp1254"/>
    <property name="java.class.path" value="C:\Users\merve\OneDrive\Masaüstü\Spring\gym-crm\target\test-classes;C:\Users\merve\OneDrive\Masaüstü\Spring\gym-crm\target\classes;C:\Users\merve\.m2\repository\org\springframework\spring-context\6.1.6\spring-context-6.1.6.jar;C:\Users\merve\.m2\repository\org\springframework\spring-beans\6.1.6\spring-beans-6.1.6.jar;C:\Users\merve\.m2\repository\org\springframework\spring-core\6.1.6\spring-core-6.1.6.jar;C:\Users\merve\.m2\repository\org\springframework\spring-jcl\6.1.6\spring-jcl-6.1.6.jar;C:\Users\merve\.m2\repository\org\springframework\spring-expression\6.1.6\spring-expression-6.1.6.jar;C:\Users\merve\.m2\repository\io\micrometer\micrometer-observation\1.12.5\micrometer-observation-1.12.5.jar;C:\Users\merve\.m2\repository\io\micrometer\micrometer-commons\1.12.5\micrometer-commons-1.12.5.jar;C:\Users\merve\.m2\repository\org\springframework\spring-orm\6.1.6\spring-orm-6.1.6.jar;C:\Users\merve\.m2\repository\org\springframework\spring-tx\6.1.6\spring-tx-6.1.6.jar;C:\Users\merve\.m2\repository\org\springframework\data\spring-data-jpa\3.2.5\spring-data-jpa-3.2.5.jar;C:\Users\merve\.m2\repository\org\springframework\data\spring-data-commons\3.2.5\spring-data-commons-3.2.5.jar;C:\Users\merve\.m2\repository\org\antlr\antlr4-runtime\4.13.0\antlr4-runtime-4.13.0.jar;C:\Users\merve\.m2\repository\org\springframework\spring-jdbc\6.1.6\spring-jdbc-6.1.6.jar;C:\Users\merve\.m2\repository\jakarta\servlet\jakarta.servlet-api\6.0.0\jakarta.servlet-api-6.0.0.jar;C:\Users\merve\.m2\repository\org\springframework\spring-aop\6.1.6\spring-aop-6.1.6.jar;C:\Users\merve\.m2\repository\org\aspectj\aspectjrt\1.9.22.1\aspectjrt-1.9.22.1.jar;C:\Users\merve\.m2\repository\org\slf4j\slf4j-api\2.0.13\slf4j-api-2.0.13.jar;C:\Users\merve\.m2\repository\ch\qos\logback\logback-classic\1.5.6\logback-classic-1.5.6.jar;C:\Users\merve\.m2\repository\ch\qos\logback\logback-core\1.5.6\logback-core-1.5.6.jar;C:\Users\merve\.m2\repository\jakarta\persistence\jakarta.persistence-api\3.1.0\jakarta.persistence-api-3.1.0.jar;C:\Users\merve\.m2\repository\org\hibernate\orm\hibernate-core\6.5.2.Final\hibernate-core-6.5.2.Final.jar;C:\Users\merve\.m2\repository\jakarta\transaction\jakarta.transaction-api\2.0.1\jakarta.transaction-api-2.0.1.jar;C:\Users\merve\.m2\repository\org\jboss\logging\jboss-logging\3.5.0.Final\jboss-logging-3.5.0.Final.jar;C:\Users\merve\.m2\repository\org\hibernate\common\hibernate-commons-annotations\6.0.6.Final\hibernate-commons-annotations-6.0.6.Final.jar;C:\Users\merve\.m2\repository\io\smallrye\jandex\3.1.2\jandex-3.1.2.jar;C:\Users\merve\.m2\repository\com\fasterxml\classmate\1.5.1\classmate-1.5.1.jar;C:\Users\merve\.m2\repository\net\bytebuddy\byte-buddy\1.14.15\byte-buddy-1.14.15.jar;C:\Users\merve\.m2\repository\jakarta\xml\bind\jakarta.xml.bind-api\4.0.0\jakarta.xml.bind-api-4.0.0.jar;C:\Users\merve\.m2\repository\jakarta\activation\jakarta.activation-api\2.1.0\jakarta.activation-api-2.1.0.jar;C:\Users\merve\.m2\repository\org\glassfish\jaxb\jaxb-runtime\4.0.2\jaxb-runtime-4.0.2.jar;C:\Users\merve\.m2\repository\org\glassfish\jaxb\jaxb-core\4.0.2\jaxb-core-4.0.2.jar;C:\Users\merve\.m2\repository\org\eclipse\angus\angus-activation\2.0.0\angus-activation-2.0.0.jar;C:\Users\merve\.m2\repository\org\glassfish\jaxb\txw2\4.0.2\txw2-4.0.2.jar;C:\Users\merve\.m2\repository\com\sun\istack\istack-commons-runtime\4.1.1\istack-commons-runtime-4.1.1.jar;C:\Users\merve\.m2\repository\jakarta\inject\jakarta.inject-api\2.0.1\jakarta.inject-api-2.0.1.jar;C:\Users\merve\.m2\repository\org\projectlombok\lombok\1.18.30\lombok-1.18.30.jar;C:\Users\merve\.m2\repository\org\springframework\spring-webmvc\6.1.6\spring-webmvc-6.1.6.jar;C:\Users\merve\.m2\repository\org\springframework\spring-web\6.1.6\spring-web-6.1.6.jar;C:\Users\merve\.m2\repository\org\apache\tomcat\embed\tomcat-embed-core\10.1.25\tomcat-embed-core-10.1.25.jar;C:\Users\merve\.m2\repository\org\apache\tomcat\tomcat-annotations-api\10.1.25\tomcat-annotations-api-10.1.25.jar;C:\Users\merve\.m2\repository\org\apache\tomcat\embed\tomcat-embed-jasper\10.1.25\tomcat-embed-jasper-10.1.25.jar;C:\Users\merve\.m2\repository\org\apache\tomcat\embed\tomcat-embed-el\10.1.25\tomcat-embed-el-10.1.25.jar;C:\Users\merve\.m2\repository\org\eclipse\jdt\ecj\3.33.0\ecj-3.33.0.jar;C:\Users\merve\.m2\repository\org\apache\tomcat\embed\tomcat-embed-websocket\10.1.25\tomcat-embed-websocket-10.1.25.jar;C:\Users\merve\.m2\repository\jakarta\validation\jakarta.validation-api\3.0.2\jakarta.validation-api-3.0.2.jar;C:\Users\merve\.m2\repository\jakarta\annotation\jakarta.annotation-api\2.1.1\jakarta.annotation-api-2.1.1.jar;C:\Users\merve\.m2\repository\org\hibernate\validator\hibernate-validator\8.0.1.Final\hibernate-validator-8.0.1.Final.jar;C:\Users\merve\.m2\repository\org\postgresql\postgresql\42.7.7\postgresql-42.7.7.jar;C:\Users\merve\.m2\repository\org\checkerframework\checker-qual\3.49.3\checker-qual-3.49.3.jar;C:\Users\merve\.m2\repository\org\aspectj\aspectjweaver\1.9.22.1\aspectjweaver-1.9.22.1.jar;C:\Users\merve\.m2\repository\com\fasterxml\jackson\core\jackson-databind\2.17.2\jackson-databind-2.17.2.jar;C:\Users\merve\.m2\repository\com\fasterxml\jackson\datatype\jackson-datatype-jsr310\2.17.2\jackson-datatype-jsr310-2.17.2.jar;C:\Users\merve\.m2\repository\com\fasterxml\jackson\core\jackson-annotations\2.17.2\jackson-annotations-2.17.2.jar;C:\Users\merve\.m2\repository\com\fasterxml\jackson\core\jackson-core\2.17.2\jackson-core-2.17.2.jar;C:\Users\merve\.m2\repository\org\springdoc\springdoc-openapi-starter-webmvc-ui\2.5.0\springdoc-openapi-starter-webmvc-ui-2.5.0.jar;C:\Users\merve\.m2\repository\org\springdoc\springdoc-openapi-starter-webmvc-api\2.5.0\springdoc-openapi-starter-webmvc-api-2.5.0.jar;C:\Users\merve\.m2\repository\org\webjars\swagger-ui\5.13.0\swagger-ui-5.13.0.jar;C:\Users\merve\.m2\repository\org\springdoc\springdoc-openapi-starter-common\2.5.0\springdoc-openapi-starter-common-2.5.0.jar;C:\Users\merve\.m2\repository\org\springframework\boot\spring-boot-autoconfigure\3.2.4\spring-boot-autoconfigure-3.2.4.jar;C:\Users\merve\.m2\repository\org\springframework\boot\spring-boot\3.2.4\spring-boot-3.2.4.jar;C:\Users\merve\.m2\repository\io\swagger\core\v3\swagger-core-jakarta\2.2.21\swagger-core-jakarta-2.2.21.jar;C:\Users\merve\.m2\repository\org\apache\commons\commons-lang3\3.14.0\commons-lang3-3.14.0.jar;C:\Users\merve\.m2\repository\io\swagger\core\v3\swagger-annotations-jakarta\2.2.21\swagger-annotations-jakarta-2.2.21.jar;C:\Users\merve\.m2\repository\io\swagger\core\v3\swagger-models-jakarta\2.2.21\swagger-models-jakarta-2.2.21.jar;C:\Users\merve\.m2\repository\org\yaml\snakeyaml\2.2\snakeyaml-2.2.jar;C:\Users\merve\.m2\repository\com\fasterxml\jackson\dataformat\jackson-dataformat-yaml\2.16.2\jackson-dataformat-yaml-2.16.2.jar;C:\Users\merve\.m2\repository\org\springframework\spring-test\6.1.6\spring-test-6.1.6.jar;C:\Users\merve\.m2\repository\org\junit\jupiter\junit-jupiter-api\5.11.0\junit-jupiter-api-5.11.0.jar;C:\Users\merve\.m2\repository\org\opentest4j\opentest4j\1.3.0\opentest4j-1.3.0.jar;C:\Users\merve\.m2\repository\org\junit\platform\junit-platform-commons\1.11.0\junit-platform-commons-1.11.0.jar;C:\Users\merve\.m2\repository\org\apiguardian\apiguardian-api\1.1.2\apiguardian-api-1.1.2.jar;C:\Users\merve\.m2\repository\org\junit\jupiter\junit-jupiter-engine\5.11.0\junit-jupiter-engine-5.11.0.jar;C:\Users\merve\.m2\repository\org\junit\platform\junit-platform-engine\1.11.0\junit-platform-engine-1.11.0.jar;C:\Users\merve\.m2\repository\org\mockito\mockito-core\5.11.0\mockito-core-5.11.0.jar;C:\Users\merve\.m2\repository\net\bytebuddy\byte-buddy-agent\1.14.12\byte-buddy-agent-1.14.12.jar;C:\Users\merve\.m2\repository\org\objenesis\objenesis\3.3\objenesis-3.3.jar;C:\Users\merve\.m2\repository\org\mockito\mockito-junit-jupiter\5.11.0\mockito-junit-jupiter-5.11.0.jar;C:\Users\merve\.m2\repository\com\h2database\h2\2.2.224\h2-2.2.224.jar;"/>
    <property name="java.vm.vendor" value="Eclipse Adoptium"/>
    <property name="sun.arch.data.model" value="64"/>
    <property name="user.variant" value=""/>
    <property name="java.vendor.url" value="https://adoptium.net/"/>
    <property name="user.timezone" value="Europe/Istanbul"/>
    <property name="os.name" value="Windows 11"/>
    <property name="java.vm.specification.version" value="21"/>
    <property name="sun.java.launcher" value="SUN_STANDARD"/>
    <property name="user.country" value="TR"/>
    <property name="sun.boot.library.path" value="C:\Users\merve\OneDrive\Masaüstü\sts-4.31.0.RELEASE\plugins\org.eclipse.justj.openjdk.hotspot.jre.full.win32.x86_64_21.0.7.v20250502-0916\jre\bin"/>
    <property name="sun.java.command" value="C:\Users\merve\AppData\Local\Temp\surefire17300024044026453053\surefirebooter-20250731211215682_3.jar C:\Users\merve\AppData\Local\Temp\surefire17300024044026453053 2025-07-31T21-12-15_582-jvmRun1 surefire-20250731211215682_1tmp surefire_0-20250731211215682_2tmp"/>
    <property name="jdk.debug" value="release"/>
    <property name="surefire.test.class.path" value="C:\Users\merve\OneDrive\Masaüstü\Spring\gym-crm\target\test-classes;C:\Users\merve\OneDrive\Masaüstü\Spring\gym-crm\target\classes;C:\Users\merve\.m2\repository\org\springframework\spring-context\6.1.6\spring-context-6.1.6.jar;C:\Users\merve\.m2\repository\org\springframework\spring-beans\6.1.6\spring-beans-6.1.6.jar;C:\Users\merve\.m2\repository\org\springframework\spring-core\6.1.6\spring-core-6.1.6.jar;C:\Users\merve\.m2\repository\org\springframework\spring-jcl\6.1.6\spring-jcl-6.1.6.jar;C:\Users\merve\.m2\repository\org\springframework\spring-expression\6.1.6\spring-expression-6.1.6.jar;C:\Users\merve\.m2\repository\io\micrometer\micrometer-observation\1.12.5\micrometer-observation-1.12.5.jar;C:\Users\merve\.m2\repository\io\micrometer\micrometer-commons\1.12.5\micrometer-commons-1.12.5.jar;C:\Users\merve\.m2\repository\org\springframework\spring-orm\6.1.6\spring-orm-6.1.6.jar;C:\Users\merve\.m2\repository\org\springframework\spring-tx\6.1.6\spring-tx-6.1.6.jar;C:\Users\merve\.m2\repository\org\springframework\data\spring-data-jpa\3.2.5\spring-data-jpa-3.2.5.jar;C:\Users\merve\.m2\repository\org\springframework\data\spring-data-commons\3.2.5\spring-data-commons-3.2.5.jar;C:\Users\merve\.m2\repository\org\antlr\antlr4-runtime\4.13.0\antlr4-runtime-4.13.0.jar;C:\Users\merve\.m2\repository\org\springframework\spring-jdbc\6.1.6\spring-jdbc-6.1.6.jar;C:\Users\merve\.m2\repository\jakarta\servlet\jakarta.servlet-api\6.0.0\jakarta.servlet-api-6.0.0.jar;C:\Users\merve\.m2\repository\org\springframework\spring-aop\6.1.6\spring-aop-6.1.6.jar;C:\Users\merve\.m2\repository\org\aspectj\aspectjrt\1.9.22.1\aspectjrt-1.9.22.1.jar;C:\Users\merve\.m2\repository\org\slf4j\slf4j-api\2.0.13\slf4j-api-2.0.13.jar;C:\Users\merve\.m2\repository\ch\qos\logback\logback-classic\1.5.6\logback-classic-1.5.6.jar;C:\Users\merve\.m2\repository\ch\qos\logback\logback-core\1.5.6\logback-core-1.5.6.jar;C:\Users\merve\.m2\repository\jakarta\persistence\jakarta.persistence-api\3.1.0\jakarta.persistence-api-3.1.0.jar;C:\Users\merve\.m2\repository\org\hibernate\orm\hibernate-core\6.5.2.Final\hibernate-core-6.5.2.Final.jar;C:\Users\merve\.m2\repository\jakarta\transaction\jakarta.transaction-api\2.0.1\jakarta.transaction-api-2.0.1.jar;C:\Users\merve\.m2\repository\org\jboss\logging\jboss-logging\3.5.0.Final\jboss-logging-3.5.0.Final.jar;C:\Users\merve\.m2\repository\org\hibernate\common\hibernate-commons-annotations\6.0.6.Final\hibernate-commons-annotations-6.0.6.Final.jar;C:\Users\merve\.m2\repository\io\smallrye\jandex\3.1.2\jandex-3.1.2.jar;C:\Users\merve\.m2\repository\com\fasterxml\classmate\1.5.1\classmate-1.5.1.jar;C:\Users\merve\.m2\repository\net\bytebuddy\byte-buddy\1.14.15\byte-buddy-1.14.15.jar;C:\Users\merve\.m2\repository\jakarta\xml\bind\jakarta.xml.bind-api\4.0.0\jakarta.xml.bind-api-4.0.0.jar;C:\Users\merve\.m2\repository\jakarta\activation\jakarta.activation-api\2.1.0\jakarta.activation-api-2.1.0.jar;C:\Users\merve\.m2\repository\org\glassfish\jaxb\jaxb-runtime\4.0.2\jaxb-runtime-4.0.2.jar;C:\Users\merve\.m2\repository\org\glassfish\jaxb\jaxb-core\4.0.2\jaxb-core-4.0.2.jar;C:\Users\merve\.m2\repository\org\eclipse\angus\angus-activation\2.0.0\angus-activation-2.0.0.jar;C:\Users\merve\.m2\repository\org\glassfish\jaxb\txw2\4.0.2\txw2-4.0.2.jar;C:\Users\merve\.m2\repository\com\sun\istack\istack-commons-runtime\4.1.1\istack-commons-runtime-4.1.1.jar;C:\Users\merve\.m2\repository\jakarta\inject\jakarta.inject-api\2.0.1\jakarta.inject-api-2.0.1.jar;C:\Users\merve\.m2\repository\org\projectlombok\lombok\1.18.30\lombok-1.18.30.jar;C:\Users\merve\.m2\repository\org\springframework\spring-webmvc\6.1.6\spring-webmvc-6.1.6.jar;C:\Users\merve\.m2\repository\org\springframework\spring-web\6.1.6\spring-web-6.1.6.jar;C:\Users\merve\.m2\repository\org\apache\tomcat\embed\tomcat-embed-core\10.1.25\tomcat-embed-core-10.1.25.jar;C:\Users\merve\.m2\repository\org\apache\tomcat\tomcat-annotations-api\10.1.25\tomcat-annotations-api-10.1.25.jar;C:\Users\merve\.m2\repository\org\apache\tomcat\embed\tomcat-embed-jasper\10.1.25\tomcat-embed-jasper-10.1.25.jar;C:\Users\merve\.m2\repository\org\apache\tomcat\embed\tomcat-embed-el\10.1.25\tomcat-embed-el-10.1.25.jar;C:\Users\merve\.m2\repository\org\eclipse\jdt\ecj\3.33.0\ecj-3.33.0.jar;C:\Users\merve\.m2\repository\org\apache\tomcat\embed\tomcat-embed-websocket\10.1.25\tomcat-embed-websocket-10.1.25.jar;C:\Users\merve\.m2\repository\jakarta\validation\jakarta.validation-api\3.0.2\jakarta.validation-api-3.0.2.jar;C:\Users\merve\.m2\repository\jakarta\annotation\jakarta.annotation-api\2.1.1\jakarta.annotation-api-2.1.1.jar;C:\Users\merve\.m2\repository\org\hibernate\validator\hibernate-validator\8.0.1.Final\hibernate-validator-8.0.1.Final.jar;C:\Users\merve\.m2\repository\org\postgresql\postgresql\42.7.7\postgresql-42.7.7.jar;C:\Users\merve\.m2\repository\org\checkerframework\checker-qual\3.49.3\checker-qual-3.49.3.jar;C:\Users\merve\.m2\repository\org\aspectj\aspectjweaver\1.9.22.1\aspectjweaver-1.9.22.1.jar;C:\Users\merve\.m2\repository\com\fasterxml\jackson\core\jackson-databind\2.17.2\jackson-databind-2.17.2.jar;C:\Users\merve\.m2\repository\com\fasterxml\jackson\datatype\jackson-datatype-jsr310\2.17.2\jackson-datatype-jsr310-2.17.2.jar;C:\Users\merve\.m2\repository\com\fasterxml\jackson\core\jackson-annotations\2.17.2\jackson-annotations-2.17.2.jar;C:\Users\merve\.m2\repository\com\fasterxml\jackson\core\jackson-core\2.17.2\jackson-core-2.17.2.jar;C:\Users\merve\.m2\repository\org\springdoc\springdoc-openapi-starter-webmvc-ui\2.5.0\springdoc-openapi-starter-webmvc-ui-2.5.0.jar;C:\Users\merve\.m2\repository\org\springdoc\springdoc-openapi-starter-webmvc-api\2.5.0\springdoc-openapi-starter-webmvc-api-2.5.0.jar;C:\Users\merve\.m2\repository\org\webjars\swagger-ui\5.13.0\swagger-ui-5.13.0.jar;C:\Users\merve\.m2\repository\org\springdoc\springdoc-openapi-starter-common\2.5.0\springdoc-openapi-starter-common-2.5.0.jar;C:\Users\merve\.m2\repository\org\springframework\boot\spring-boot-autoconfigure\3.2.4\spring-boot-autoconfigure-3.2.4.jar;C:\Users\merve\.m2\repository\org\springframework\boot\spring-boot\3.2.4\spring-boot-3.2.4.jar;C:\Users\merve\.m2\repository\io\swagger\core\v3\swagger-core-jakarta\2.2.21\swagger-core-jakarta-2.2.21.jar;C:\Users\merve\.m2\repository\org\apache\commons\commons-lang3\3.14.0\commons-lang3-3.14.0.jar;C:\Users\merve\.m2\repository\io\swagger\core\v3\swagger-annotations-jakarta\2.2.21\swagger-annotations-jakarta-2.2.21.jar;C:\Users\merve\.m2\repository\io\swagger\core\v3\swagger-models-jakarta\2.2.21\swagger-models-jakarta-2.2.21.jar;C:\Users\merve\.m2\repository\org\yaml\snakeyaml\2.2\snakeyaml-2.2.jar;C:\Users\merve\.m2\repository\com\fasterxml\jackson\dataformat\jackson-dataformat-yaml\2.16.2\jackson-dataformat-yaml-2.16.2.jar;C:\Users\merve\.m2\repository\org\springframework\spring-test\6.1.6\spring-test-6.1.6.jar;C:\Users\merve\.m2\repository\org\junit\jupiter\junit-jupiter-api\5.11.0\junit-jupiter-api-5.11.0.jar;C:\Users\merve\.m2\repository\org\opentest4j\opentest4j\1.3.0\opentest4j-1.3.0.jar;C:\Users\merve\.m2\repository\org\junit\platform\junit-platform-commons\1.11.0\junit-platform-commons-1.11.0.jar;C:\Users\merve\.m2\repository\org\apiguardian\apiguardian-api\1.1.2\apiguardian-api-1.1.2.jar;C:\Users\merve\.m2\repository\org\junit\jupiter\junit-jupiter-engine\5.11.0\junit-jupiter-engine-5.11.0.jar;C:\Users\merve\.m2\repository\org\junit\platform\junit-platform-engine\1.11.0\junit-platform-engine-1.11.0.jar;C:\Users\merve\.m2\repository\org\mockito\mockito-core\5.11.0\mockito-core-5.11.0.jar;C:\Users\merve\.m2\repository\net\bytebuddy\byte-buddy-agent\1.14.12\byte-buddy-agent-1.14.12.jar;C:\Users\merve\.m2\repository\org\objenesis\objenesis\3.3\objenesis-3.3.jar;C:\Users\merve\.m2\repository\org\mockito\mockito-junit-jupiter\5.11.0\mockito-junit-jupiter-5.11.0.jar;C:\Users\merve\.m2\repository\com\h2database\h2\2.2.224\h2-2.2.224.jar;"/>
    <property name="sun.cpu.endian" value="little"/>
    <property name="user.home" value="C:\Users\merve"/>
    <property name="user.language" value="tr"/>
    <property name="java.specification.vendor" value="Oracle Corporation"/>
    <property name="java.version.date" value="2025-04-15"/>
    <property name="java.home" value="C:\Users\merve\OneDrive\Masaüstü\sts-4.31.0.RELEASE\plugins\org.eclipse.justj.openjdk.hotspot.jre.full.win32.x86_64_21.0.7.v20250502-0916\jre"/>
    <property name="file.separator" value="\"/>
    <property name="basedir" value="C:\Users\merve\OneDrive\Masaüstü\Spring\gym-crm"/>
    <property name="java.vm.compressedOopsMode" value="Zero based"/>
    <property name="line.separator" value="&#10;"/>
    <property name="java.vm.specification.vendor" value="Oracle Corporation"/>
    <property name="java.specification.name" value="Java Platform API Specification"/>
    <property name="surefire.real.class.path" value="C:\Users\merve\AppData\Local\Temp\surefire17300024044026453053\surefirebooter-20250731211215682_3.jar"/>
    <property name="user.script" value=""/>
    <property name="sun.management.compiler" value="HotSpot 64-Bit Tiered Compilers"/>
    <property name="java.runtime.version" value="21.0.7+6-LTS"/>
    <property name="user.name" value="merve"/>
    <property name="stdout.encoding" value="Cp1254"/>
    <property name="path.separator" value=";"/>
    <property name="os.version" value="10.0"/>
    <property name="java.runtime.name" value="OpenJDK Runtime Environment"/>
    <property name="file.encoding" value="UTF-8"/>
    <property name="java.vm.name" value="OpenJDK 64-Bit Server VM"/>
    <property name="java.vendor.version" value="Temurin-21.0.7+6"/>
    <property name="localRepository" value="C:\Users\merve\.m2\repository"/>
    <property name="java.vendor.url.bug" value="https://github.com/adoptium/adoptium-support/issues"/>
    <property name="java.io.tmpdir" value="C:\Users\merve\AppData\Local\Temp\"/>
    <property name="java.version" value="21.0.7"/>
    <property name="user.dir" value="C:\Users\merve\OneDrive\Masaüstü\Spring\gym-crm"/>
    <property name="os.arch" value="amd64"/>
    <property name="java.vm.specification.name" value="Java Virtual Machine Specification"/>
    <property name="sun.os.patch.level" value=""/>
    <property name="native.encoding" value="Cp1254"/>
    <property name="java.library.path" value="C:\Users\merve\OneDrive\Masaüstü\sts-4.31.0.RELEASE\plugins\org.eclipse.justj.openjdk.hotspot.jre.full.win32.x86_64_21.0.7.v20250502-0916\jre\bin;C:\WINDOWS\Sun\Java\bin;C:\WINDOWS\system32;C:\WINDOWS;C:/Users/merve/OneDrive/Masaüstü/sts-4.31.0.RELEASE//plugins/org.eclipse.justj.openjdk.hotspot.jre.full.win32.x86_64_21.0.7.v20250502-0916/jre/bin/server;C:/Users/merve/OneDrive/Masaüstü/sts-4.31.0.RELEASE//plugins/org.eclipse.justj.openjdk.hotspot.jre.full.win32.x86_64_21.0.7.v20250502-0916/jre/bin;C:\Program Files\Common Files\Oracle\Java\javapath;C:\Windows\system32;C:\Windows;C:\Windows\System32\Wbem;C:\Windows\System32\WindowsPowerShell\v1.0\;C:\Windows\System32\OpenSSH\;C:\Program Files (x86)\NVIDIA Corporation\PhysX\Common;C:\WINDOWS\system32;C:\WINDOWS;C:\WINDOWS\System32\Wbem;C:\WINDOWS\System32\WindowsPowerShell\v1.0\;C:\WINDOWS\System32\OpenSSH\;C:\Program Files\NVIDIA Corporation\NVIDIA app\NvDLISR;C:\Program Files\apache-maven-3.9.11\bin;C:\Program Files\Git\cmd;C:\Program Files\Java\jdk-17\bin;C:\Users\merve\AppData\Local\Microsoft\WindowsApps;C:\Users\merve\AppData\Local\GitHubDesktop\bin;C:\Users\merve\OneDrive\Masaüstü\sts-4.31.0.RELEASE;;."/>
    <property name="java.vm.info" value="mixed mode, sharing"/>
    <property name="stderr.encoding" value="Cp1254"/>
    <property name="java.vendor" value="Eclipse Adoptium"/>
    <property name="java.vm.version" value="21.0.7+6-LTS"/>
    <property name="sun.io.unicode.encoding" value="UnicodeLittle"/>
    <property name="java.class.version" value="65.0"/>
  </properties>
  <testcase name="shouldDoNothingWhenTrainerAlreadyInDesiredState" classname="com.epam.gym_crm.service.impl.TrainerServiceImplTest" time="0.043">
    <system-out><![CDATA[21:12:18.275 [main] [NO-TX] INFO  c.e.g.s.impl.TrainerServiceImpl - User 'John.Doe' attempting to change activation status for Trainer 'John.Doe' to 'true'.
21:12:18.276 [main] [NO-TX] INFO  c.e.g.s.impl.TrainerServiceImpl - Trainer 'John.Doe' is already in the requested state (isActive: true). No change needed.
]]></system-out>
  </testcase>
  <testcase name="shouldGetUnassignedTrainersForTraineeSuccessfully" classname="com.epam.gym_crm.service.impl.TrainerServiceImplTest" time="0.005">
    <system-out><![CDATA[21:12:18.280 [main] [NO-TX] INFO  c.e.g.s.impl.TrainerServiceImpl - User 'Test.Trainee' attempting to retrieve unassigned and active trainers for trainee 'Test.Trainee'.
21:12:18.281 [main] [NO-TX] INFO  c.e.g.s.impl.TrainerServiceImpl - Successfully retrieved 2 unassigned and active trainers for trainee 'Test.Trainee' for user 'Test.Trainee'.
]]></system-out>
  </testcase>
  <testcase name="shouldCreateTrainerSuccessfully" classname="com.epam.gym_crm.service.impl.TrainerServiceImplTest" time="0.003">
    <system-out><![CDATA[21:12:18.284 [main] [NO-TX] INFO  c.e.g.s.impl.TrainerServiceImpl - Trainer profile created successfully for user: Jane.Doe
]]></system-out>
  </testcase>
  <testcase name="shouldThrowExceptionWhenFindTrainerByUsernameWithNullOrEmpty" classname="com.epam.gym_crm.service.impl.TrainerServiceImplTest" time="0.003">
    <system-out><![CDATA[21:12:18.287 [main] [NO-TX] INFO  c.e.g.s.impl.TrainerServiceImpl - User 'John.Doe' attempting to find Trainer profile for username 'null'.
21:12:18.287 [main] [NO-TX] ERROR c.e.g.s.impl.TrainerServiceImpl - Trainer username for lookup cannot be null or empty.
21:12:18.288 [main] [NO-TX] INFO  c.e.g.s.impl.TrainerServiceImpl - User 'John.Doe' attempting to find Trainer profile for username ''.
21:12:18.288 [main] [NO-TX] ERROR c.e.g.s.impl.TrainerServiceImpl - Trainer username for lookup cannot be null or empty.
]]></system-out>
  </testcase>
  <testcase name="shouldUpdateTrainerSuccessfully" classname="com.epam.gym_crm.service.impl.TrainerServiceImplTest" time="0.005">
    <system-out><![CDATA[21:12:18.291 [main] [NO-TX] INFO  c.e.g.s.impl.TrainerServiceImpl - Trainer profile updated successfully for user: John.Doe
]]></system-out>
  </testcase>
  <testcase name="shouldThrowExceptionWhenUpdateTrainerNotFound" classname="com.epam.gym_crm.service.impl.TrainerServiceImplTest" time="0.004">
    <system-out><![CDATA[21:12:18.297 [main] [NO-TX] WARN  c.e.g.s.impl.TrainerServiceImpl - Trainer profile not found for update with username: NonExistent.Trainer
]]></system-out>
  </testcase>
  <testcase name="shouldGetAllTrainersSuccessfully" classname="com.epam.gym_crm.service.impl.TrainerServiceImplTest" time="0.003">
    <system-out><![CDATA[21:12:18.300 [main] [NO-TX] INFO  c.e.g.s.impl.TrainerServiceImpl - User 'John.Doe' attempting to retrieve all Trainers.
21:12:18.300 [main] [NO-TX] INFO  c.e.g.s.impl.TrainerServiceImpl - Retrieved 2 trainers from the database.
21:12:18.300 [main] [NO-TX] INFO  c.e.g.s.impl.TrainerServiceImpl - Converted 2 Trainer entities to TrainerResponse DTOs.
]]></system-out>
  </testcase>
  <testcase name="shouldThrowExceptionWhenGetUnassignedTrainersForInactiveTrainee" classname="com.epam.gym_crm.service.impl.TrainerServiceImplTest" time="0.003">
    <system-out><![CDATA[21:12:18.303 [main] [NO-TX] INFO  c.e.g.s.impl.TrainerServiceImpl - User 'Inactive.Trainee' attempting to retrieve unassigned and active trainers for trainee 'Inactive.Trainee'.
21:12:18.303 [main] [NO-TX] WARN  c.e.g.s.impl.TrainerServiceImpl - Trainee 'Inactive.Trainee' is not active. Cannot retrieve unassigned trainers.
]]></system-out>
  </testcase>
  <testcase name="shouldDeactivateTrainerSuccessfully" classname="com.epam.gym_crm.service.impl.TrainerServiceImplTest" time="0.003">
    <system-out><![CDATA[21:12:18.306 [main] [NO-TX] INFO  c.e.g.s.impl.TrainerServiceImpl - User 'John.Doe' attempting to change activation status for Trainer 'John.Doe' to 'false'.
21:12:18.306 [main] [NO-TX] INFO  c.e.g.s.impl.TrainerServiceImpl - Trainer 'John.Doe' activation status changed to false by user 'John.Doe'.
]]></system-out>
  </testcase>
  <testcase name="shouldReturnEmptyListWhenNoTrainersExist" classname="com.epam.gym_crm.service.impl.TrainerServiceImplTest" time="0.004">
    <system-out><![CDATA[21:12:18.310 [main] [NO-TX] INFO  c.e.g.s.impl.TrainerServiceImpl - User 'John.Doe' attempting to retrieve all Trainers.
21:12:18.310 [main] [NO-TX] INFO  c.e.g.s.impl.TrainerServiceImpl - Retrieved 0 trainers from the database.
21:12:18.310 [main] [NO-TX] INFO  c.e.g.s.impl.TrainerServiceImpl - Converted 0 Trainer entities to TrainerResponse DTOs.
]]></system-out>
  </testcase>
  <testcase name="shouldThrowExceptionWhenUpdateTrainerTrainingTypeNotFound" classname="com.epam.gym_crm.service.impl.TrainerServiceImplTest" time="0.004">
    <system-out><![CDATA[21:12:18.314 [main] [NO-TX] WARN  c.e.g.s.impl.TrainerServiceImpl - Invalid training type for update: NonExistentType
]]></system-out>
  </testcase>
  <testcase name="shouldThrowExceptionWhenFindTrainerByIdWithNullOrInvalidId" classname="com.epam.gym_crm.service.impl.TrainerServiceImplTest" time="0.003">
    <system-out><![CDATA[21:12:18.317 [main] [NO-TX] INFO  c.e.g.s.impl.TrainerServiceImpl - User 'John.Doe' attempting to find Trainer profile by ID '0'.
21:12:18.317 [main] [NO-TX] ERROR c.e.g.s.impl.TrainerServiceImpl - Trainer ID for lookup cannot be null or non-positive: 0
]]></system-out>
  </testcase>
  <testcase name="shouldThrowExceptionWhenUpdateTrainerUnauthorized" classname="com.epam.gym_crm.service.impl.TrainerServiceImplTest" time="0.003">
    <system-out><![CDATA[21:12:18.320 [main] [NO-TX] ERROR c.e.g.s.impl.TrainerServiceImpl - Unauthorized attempt to update Trainer profile for user 'Other.Trainer' by current user 'Current.User'.
]]></system-out>
  </testcase>
  <testcase name="shouldThrowExceptionWhenActivateDeactivateTrainerRequestIsNull" classname="com.epam.gym_crm.service.impl.TrainerServiceImplTest" time="0.003"/>
  <testcase name="shouldThrowExceptionWhenFindTrainerByIdNotFound" classname="com.epam.gym_crm.service.impl.TrainerServiceImplTest" time="0.003">
    <system-out><![CDATA[21:12:18.327 [main] [NO-TX] INFO  c.e.g.s.impl.TrainerServiceImpl - User 'John.Doe' attempting to find Trainer profile by ID '99'.
21:12:18.327 [main] [NO-TX] WARN  c.e.g.s.impl.TrainerServiceImpl - Trainer not found with ID=99
]]></system-out>
  </testcase>
  <testcase name="shouldThrowExceptionWhenCreateTrainerRequestIsNull" classname="com.epam.gym_crm.service.impl.TrainerServiceImplTest" time="0.002">
    <system-out><![CDATA[21:12:18.330 [main] [NO-TX] ERROR c.e.g.s.impl.TrainerServiceImpl - Trainer must not be null
]]></system-out>
  </testcase>
  <testcase name="shouldThrowExceptionWhenFindTrainerByUsernameNotFound" classname="com.epam.gym_crm.service.impl.TrainerServiceImplTest" time="0.002">
    <system-out><![CDATA[21:12:18.332 [main] [NO-TX] INFO  c.e.g.s.impl.TrainerServiceImpl - User 'John.Doe' attempting to find Trainer profile for username 'NonExistent.Trainer'.
21:12:18.332 [main] [NO-TX] WARN  c.e.g.s.impl.TrainerServiceImpl - Trainer not found with username:NonExistent.Trainer
]]></system-out>
  </testcase>
  <testcase name="shouldThrowExceptionWhenCreateTrainerTrainingTypeNotFound" classname="com.epam.gym_crm.service.impl.TrainerServiceImplTest" time="0.004">
    <system-out><![CDATA[21:12:18.335 [main] [NO-TX] ERROR c.e.g.s.impl.TrainerServiceImpl - Training type not found: NonExistentType
]]></system-out>
  </testcase>
  <testcase name="shouldThrowExceptionWhenCreateTrainerFailedToSave" classname="com.epam.gym_crm.service.impl.TrainerServiceImplTest" time="0.002">
    <system-out><![CDATA[21:12:18.339 [main] [NO-TX] ERROR c.e.g.s.impl.TrainerServiceImpl - Failed to save Trainer entity to the database for user: Jane.Doe
]]></system-out>
  </testcase>
  <testcase name="shouldFindTrainerByUsernameSuccessfully" classname="com.epam.gym_crm.service.impl.TrainerServiceImplTest" time="0.002">
    <system-out><![CDATA[21:12:18.341 [main] [NO-TX] INFO  c.e.g.s.impl.TrainerServiceImpl - User 'John.Doe' attempting to find Trainer profile for username 'John.Doe'.
21:12:18.342 [main] [NO-TX] INFO  c.e.g.s.impl.TrainerServiceImpl - Finding Trainer by username='John.Doe' -> Found: true
]]></system-out>
  </testcase>
  <testcase name="shouldThrowExceptionWhenUpdateTrainerRequestIsNull" classname="com.epam.gym_crm.service.impl.TrainerServiceImplTest" time="0.002">
    <system-out><![CDATA[21:12:18.345 [main] [NO-TX] ERROR c.e.g.s.impl.TrainerServiceImpl - Update request or username cannot be null/empty for Trainer profile.
]]></system-out>
  </testcase>
  <testcase name="shouldFindTrainerByIdSuccessfully" classname="com.epam.gym_crm.service.impl.TrainerServiceImplTest" time="0.003">
    <system-out><![CDATA[21:12:18.347 [main] [NO-TX] INFO  c.e.g.s.impl.TrainerServiceImpl - User 'John.Doe' attempting to find Trainer profile by ID '1'.
21:12:18.347 [main] [NO-TX] INFO  c.e.g.s.impl.TrainerServiceImpl - Finding Trainer by ID=1 -> Found: true
]]></system-out>
  </testcase>
  <testcase name="shouldActivateTrainerSuccessfully" classname="com.epam.gym_crm.service.impl.TrainerServiceImplTest" time="0.004">
    <system-out><![CDATA[21:12:18.351 [main] [NO-TX] INFO  c.e.g.s.impl.TrainerServiceImpl - User 'John.Doe' attempting to change activation status for Trainer 'John.Doe' to 'true'.
21:12:18.351 [main] [NO-TX] INFO  c.e.g.s.impl.TrainerServiceImpl - Trainer 'John.Doe' activation status changed to true by user 'John.Doe'.
]]></system-out>
  </testcase>
</testsuite>