<?xml version="1.0" encoding="UTF-8"?>
<testsuite xmlns:xsi="http://www.w3.org/2001/XMLSchema-instance" xsi:noNamespaceSchemaLocation="https://maven.apache.org/surefire/maven-surefire-plugin/xsd/surefire-test-report-3.0.xsd" version="3.0" name="com.epam.gym_crm.service.impl.TrainingServiceImplTest" time="0.118" tests="33" errors="0" skipped="0" failures="0">
  <properties>
    <property name="java.specification.version" value="21"/>
    <property name="sun.cpu.isalist" value="amd64"/>
    <property name="sun.jnu.encoding" value="Cp1254"/>
    <property name="java.class.path" value="C:\Users\merve\OneDrive\Masaüstü\Spring\gym-crm\target\test-classes;C:\Users\merve\OneDrive\Masaüstü\Spring\gym-crm\target\classes;C:\Users\merve\.m2\repository\org\springframework\spring-context\6.1.6\spring-context-6.1.6.jar;C:\Users\merve\.m2\repository\org\springframework\spring-beans\6.1.6\spring-beans-6.1.6.jar;C:\Users\merve\.m2\repository\org\springframework\spring-core\6.1.6\spring-core-6.1.6.jar;C:\Users\merve\.m2\repository\org\springframework\spring-jcl\6.1.6\spring-jcl-6.1.6.jar;C:\Users\merve\.m2\repository\org\springframework\spring-expression\6.1.6\spring-expression-6.1.6.jar;C:\Users\merve\.m2\repository\io\micrometer\micrometer-observation\1.12.5\micrometer-observation-1.12.5.jar;C:\Users\merve\.m2\repository\io\micrometer\micrometer-commons\1.12.5\micrometer-commons-1.12.5.jar;C:\Users\merve\.m2\repository\org\springframework\spring-orm\6.1.6\spring-orm-6.1.6.jar;C:\Users\merve\.m2\repository\org\springframework\spring-tx\6.1.6\spring-tx-6.1.6.jar;C:\Users\merve\.m2\repository\org\springframework\data\spring-data-jpa\3.2.5\spring-data-jpa-3.2.5.jar;C:\Users\merve\.m2\repository\org\springframework\data\spring-data-commons\3.2.5\spring-data-commons-3.2.5.jar;C:\Users\merve\.m2\repository\org\antlr\antlr4-runtime\4.13.0\antlr4-runtime-4.13.0.jar;C:\Users\merve\.m2\repository\org\springframework\spring-jdbc\6.1.6\spring-jdbc-6.1.6.jar;C:\Users\merve\.m2\repository\jakarta\servlet\jakarta.servlet-api\6.0.0\jakarta.servlet-api-6.0.0.jar;C:\Users\merve\.m2\repository\org\springframework\spring-aop\6.1.6\spring-aop-6.1.6.jar;C:\Users\merve\.m2\repository\org\aspectj\aspectjrt\1.9.22.1\aspectjrt-1.9.22.1.jar;C:\Users\merve\.m2\repository\org\slf4j\slf4j-api\2.0.13\slf4j-api-2.0.13.jar;C:\Users\merve\.m2\repository\ch\qos\logback\logback-classic\1.5.6\logback-classic-1.5.6.jar;C:\Users\merve\.m2\repository\ch\qos\logback\logback-core\1.5.6\logback-core-1.5.6.jar;C:\Users\merve\.m2\repository\jakarta\persistence\jakarta.persistence-api\3.1.0\jakarta.persistence-api-3.1.0.jar;C:\Users\merve\.m2\repository\org\hibernate\orm\hibernate-core\6.5.2.Final\hibernate-core-6.5.2.Final.jar;C:\Users\merve\.m2\repository\jakarta\transaction\jakarta.transaction-api\2.0.1\jakarta.transaction-api-2.0.1.jar;C:\Users\merve\.m2\repository\org\jboss\logging\jboss-logging\3.5.0.Final\jboss-logging-3.5.0.Final.jar;C:\Users\merve\.m2\repository\org\hibernate\common\hibernate-commons-annotations\6.0.6.Final\hibernate-commons-annotations-6.0.6.Final.jar;C:\Users\merve\.m2\repository\io\smallrye\jandex\3.1.2\jandex-3.1.2.jar;C:\Users\merve\.m2\repository\com\fasterxml\classmate\1.5.1\classmate-1.5.1.jar;C:\Users\merve\.m2\repository\net\bytebuddy\byte-buddy\1.14.15\byte-buddy-1.14.15.jar;C:\Users\merve\.m2\repository\jakarta\xml\bind\jakarta.xml.bind-api\4.0.0\jakarta.xml.bind-api-4.0.0.jar;C:\Users\merve\.m2\repository\jakarta\activation\jakarta.activation-api\2.1.0\jakarta.activation-api-2.1.0.jar;C:\Users\merve\.m2\repository\org\glassfish\jaxb\jaxb-runtime\4.0.2\jaxb-runtime-4.0.2.jar;C:\Users\merve\.m2\repository\org\glassfish\jaxb\jaxb-core\4.0.2\jaxb-core-4.0.2.jar;C:\Users\merve\.m2\repository\org\eclipse\angus\angus-activation\2.0.0\angus-activation-2.0.0.jar;C:\Users\merve\.m2\repository\org\glassfish\jaxb\txw2\4.0.2\txw2-4.0.2.jar;C:\Users\merve\.m2\repository\com\sun\istack\istack-commons-runtime\4.1.1\istack-commons-runtime-4.1.1.jar;C:\Users\merve\.m2\repository\jakarta\inject\jakarta.inject-api\2.0.1\jakarta.inject-api-2.0.1.jar;C:\Users\merve\.m2\repository\org\projectlombok\lombok\1.18.30\lombok-1.18.30.jar;C:\Users\merve\.m2\repository\org\springframework\spring-webmvc\6.1.6\spring-webmvc-6.1.6.jar;C:\Users\merve\.m2\repository\org\springframework\spring-web\6.1.6\spring-web-6.1.6.jar;C:\Users\merve\.m2\repository\org\apache\tomcat\embed\tomcat-embed-core\10.1.25\tomcat-embed-core-10.1.25.jar;C:\Users\merve\.m2\repository\org\apache\tomcat\tomcat-annotations-api\10.1.25\tomcat-annotations-api-10.1.25.jar;C:\Users\merve\.m2\repository\org\apache\tomcat\embed\tomcat-embed-jasper\10.1.25\tomcat-embed-jasper-10.1.25.jar;C:\Users\merve\.m2\repository\org\apache\tomcat\embed\tomcat-embed-el\10.1.25\tomcat-embed-el-10.1.25.jar;C:\Users\merve\.m2\repository\org\eclipse\jdt\ecj\3.33.0\ecj-3.33.0.jar;C:\Users\merve\.m2\repository\org\apache\tomcat\embed\tomcat-embed-websocket\10.1.25\tomcat-embed-websocket-10.1.25.jar;C:\Users\merve\.m2\repository\jakarta\validation\jakarta.validation-api\3.0.2\jakarta.validation-api-3.0.2.jar;C:\Users\merve\.m2\repository\jakarta\annotation\jakarta.annotation-api\2.1.1\jakarta.annotation-api-2.1.1.jar;C:\Users\merve\.m2\repository\org\hibernate\validator\hibernate-validator\8.0.1.Final\hibernate-validator-8.0.1.Final.jar;C:\Users\merve\.m2\repository\org\postgresql\postgresql\42.7.7\postgresql-42.7.7.jar;C:\Users\merve\.m2\repository\org\checkerframework\checker-qual\3.49.3\checker-qual-3.49.3.jar;C:\Users\merve\.m2\repository\org\aspectj\aspectjweaver\1.9.22.1\aspectjweaver-1.9.22.1.jar;C:\Users\merve\.m2\repository\com\fasterxml\jackson\core\jackson-databind\2.17.2\jackson-databind-2.17.2.jar;C:\Users\merve\.m2\repository\com\fasterxml\jackson\datatype\jackson-datatype-jsr310\2.17.2\jackson-datatype-jsr310-2.17.2.jar;C:\Users\merve\.m2\repository\com\fasterxml\jackson\core\jackson-annotations\2.17.2\jackson-annotations-2.17.2.jar;C:\Users\merve\.m2\repository\com\fasterxml\jackson\core\jackson-core\2.17.2\jackson-core-2.17.2.jar;C:\Users\merve\.m2\repository\org\springdoc\springdoc-openapi-starter-webmvc-ui\2.5.0\springdoc-openapi-starter-webmvc-ui-2.5.0.jar;C:\Users\merve\.m2\repository\org\springdoc\springdoc-openapi-starter-webmvc-api\2.5.0\springdoc-openapi-starter-webmvc-api-2.5.0.jar;C:\Users\merve\.m2\repository\org\webjars\swagger-ui\5.13.0\swagger-ui-5.13.0.jar;C:\Users\merve\.m2\repository\org\springdoc\springdoc-openapi-starter-common\2.5.0\springdoc-openapi-starter-common-2.5.0.jar;C:\Users\merve\.m2\repository\org\springframework\boot\spring-boot-autoconfigure\3.2.4\spring-boot-autoconfigure-3.2.4.jar;C:\Users\merve\.m2\repository\org\springframework\boot\spring-boot\3.2.4\spring-boot-3.2.4.jar;C:\Users\merve\.m2\repository\io\swagger\core\v3\swagger-core-jakarta\2.2.21\swagger-core-jakarta-2.2.21.jar;C:\Users\merve\.m2\repository\org\apache\commons\commons-lang3\3.14.0\commons-lang3-3.14.0.jar;C:\Users\merve\.m2\repository\io\swagger\core\v3\swagger-annotations-jakarta\2.2.21\swagger-annotations-jakarta-2.2.21.jar;C:\Users\merve\.m2\repository\io\swagger\core\v3\swagger-models-jakarta\2.2.21\swagger-models-jakarta-2.2.21.jar;C:\Users\merve\.m2\repository\org\yaml\snakeyaml\2.2\snakeyaml-2.2.jar;C:\Users\merve\.m2\repository\com\fasterxml\jackson\dataformat\jackson-dataformat-yaml\2.16.2\jackson-dataformat-yaml-2.16.2.jar;C:\Users\merve\.m2\repository\org\springframework\spring-test\6.1.6\spring-test-6.1.6.jar;C:\Users\merve\.m2\repository\org\junit\jupiter\junit-jupiter-api\5.11.0\junit-jupiter-api-5.11.0.jar;C:\Users\merve\.m2\repository\org\opentest4j\opentest4j\1.3.0\opentest4j-1.3.0.jar;C:\Users\merve\.m2\repository\org\junit\platform\junit-platform-commons\1.11.0\junit-platform-commons-1.11.0.jar;C:\Users\merve\.m2\repository\org\apiguardian\apiguardian-api\1.1.2\apiguardian-api-1.1.2.jar;C:\Users\merve\.m2\repository\org\junit\jupiter\junit-jupiter-engine\5.11.0\junit-jupiter-engine-5.11.0.jar;C:\Users\merve\.m2\repository\org\junit\platform\junit-platform-engine\1.11.0\junit-platform-engine-1.11.0.jar;C:\Users\merve\.m2\repository\org\mockito\mockito-core\5.11.0\mockito-core-5.11.0.jar;C:\Users\merve\.m2\repository\net\bytebuddy\byte-buddy-agent\1.14.12\byte-buddy-agent-1.14.12.jar;C:\Users\merve\.m2\repository\org\objenesis\objenesis\3.3\objenesis-3.3.jar;C:\Users\merve\.m2\repository\org\mockito\mockito-junit-jupiter\5.11.0\mockito-junit-jupiter-5.11.0.jar;C:\Users\merve\.m2\repository\com\h2database\h2\2.2.224\h2-2.2.224.jar;"/>
    <property name="java.vm.vendor" value="Eclipse Adoptium"/>
    <property name="sun.arch.data.model" value="64"/>
    <property name="user.variant" value=""/>
    <property name="java.vendor.url" value="https://adoptium.net/"/>
    <property name="user.timezone" value="Europe/Istanbul"/>
    <property name="os.name" value="Windows 11"/>
    <property name="java.vm.specification.version" value="21"/>
    <property name="sun.java.launcher" value="SUN_STANDARD"/>
    <property name="user.country" value="TR"/>
    <property name="sun.boot.library.path" value="C:\Users\merve\OneDrive\Masaüstü\sts-4.31.0.RELEASE\plugins\org.eclipse.justj.openjdk.hotspot.jre.full.win32.x86_64_21.0.7.v20250502-0916\jre\bin"/>
    <property name="sun.java.command" value="C:\Users\merve\AppData\Local\Temp\surefire17300024044026453053\surefirebooter-20250731211215682_3.jar C:\Users\merve\AppData\Local\Temp\surefire17300024044026453053 2025-07-31T21-12-15_582-jvmRun1 surefire-20250731211215682_1tmp surefire_0-20250731211215682_2tmp"/>
    <property name="jdk.debug" value="release"/>
    <property name="surefire.test.class.path" value="C:\Users\merve\OneDrive\Masaüstü\Spring\gym-crm\target\test-classes;C:\Users\merve\OneDrive\Masaüstü\Spring\gym-crm\target\classes;C:\Users\merve\.m2\repository\org\springframework\spring-context\6.1.6\spring-context-6.1.6.jar;C:\Users\merve\.m2\repository\org\springframework\spring-beans\6.1.6\spring-beans-6.1.6.jar;C:\Users\merve\.m2\repository\org\springframework\spring-core\6.1.6\spring-core-6.1.6.jar;C:\Users\merve\.m2\repository\org\springframework\spring-jcl\6.1.6\spring-jcl-6.1.6.jar;C:\Users\merve\.m2\repository\org\springframework\spring-expression\6.1.6\spring-expression-6.1.6.jar;C:\Users\merve\.m2\repository\io\micrometer\micrometer-observation\1.12.5\micrometer-observation-1.12.5.jar;C:\Users\merve\.m2\repository\io\micrometer\micrometer-commons\1.12.5\micrometer-commons-1.12.5.jar;C:\Users\merve\.m2\repository\org\springframework\spring-orm\6.1.6\spring-orm-6.1.6.jar;C:\Users\merve\.m2\repository\org\springframework\spring-tx\6.1.6\spring-tx-6.1.6.jar;C:\Users\merve\.m2\repository\org\springframework\data\spring-data-jpa\3.2.5\spring-data-jpa-3.2.5.jar;C:\Users\merve\.m2\repository\org\springframework\data\spring-data-commons\3.2.5\spring-data-commons-3.2.5.jar;C:\Users\merve\.m2\repository\org\antlr\antlr4-runtime\4.13.0\antlr4-runtime-4.13.0.jar;C:\Users\merve\.m2\repository\org\springframework\spring-jdbc\6.1.6\spring-jdbc-6.1.6.jar;C:\Users\merve\.m2\repository\jakarta\servlet\jakarta.servlet-api\6.0.0\jakarta.servlet-api-6.0.0.jar;C:\Users\merve\.m2\repository\org\springframework\spring-aop\6.1.6\spring-aop-6.1.6.jar;C:\Users\merve\.m2\repository\org\aspectj\aspectjrt\1.9.22.1\aspectjrt-1.9.22.1.jar;C:\Users\merve\.m2\repository\org\slf4j\slf4j-api\2.0.13\slf4j-api-2.0.13.jar;C:\Users\merve\.m2\repository\ch\qos\logback\logback-classic\1.5.6\logback-classic-1.5.6.jar;C:\Users\merve\.m2\repository\ch\qos\logback\logback-core\1.5.6\logback-core-1.5.6.jar;C:\Users\merve\.m2\repository\jakarta\persistence\jakarta.persistence-api\3.1.0\jakarta.persistence-api-3.1.0.jar;C:\Users\merve\.m2\repository\org\hibernate\orm\hibernate-core\6.5.2.Final\hibernate-core-6.5.2.Final.jar;C:\Users\merve\.m2\repository\jakarta\transaction\jakarta.transaction-api\2.0.1\jakarta.transaction-api-2.0.1.jar;C:\Users\merve\.m2\repository\org\jboss\logging\jboss-logging\3.5.0.Final\jboss-logging-3.5.0.Final.jar;C:\Users\merve\.m2\repository\org\hibernate\common\hibernate-commons-annotations\6.0.6.Final\hibernate-commons-annotations-6.0.6.Final.jar;C:\Users\merve\.m2\repository\io\smallrye\jandex\3.1.2\jandex-3.1.2.jar;C:\Users\merve\.m2\repository\com\fasterxml\classmate\1.5.1\classmate-1.5.1.jar;C:\Users\merve\.m2\repository\net\bytebuddy\byte-buddy\1.14.15\byte-buddy-1.14.15.jar;C:\Users\merve\.m2\repository\jakarta\xml\bind\jakarta.xml.bind-api\4.0.0\jakarta.xml.bind-api-4.0.0.jar;C:\Users\merve\.m2\repository\jakarta\activation\jakarta.activation-api\2.1.0\jakarta.activation-api-2.1.0.jar;C:\Users\merve\.m2\repository\org\glassfish\jaxb\jaxb-runtime\4.0.2\jaxb-runtime-4.0.2.jar;C:\Users\merve\.m2\repository\org\glassfish\jaxb\jaxb-core\4.0.2\jaxb-core-4.0.2.jar;C:\Users\merve\.m2\repository\org\eclipse\angus\angus-activation\2.0.0\angus-activation-2.0.0.jar;C:\Users\merve\.m2\repository\org\glassfish\jaxb\txw2\4.0.2\txw2-4.0.2.jar;C:\Users\merve\.m2\repository\com\sun\istack\istack-commons-runtime\4.1.1\istack-commons-runtime-4.1.1.jar;C:\Users\merve\.m2\repository\jakarta\inject\jakarta.inject-api\2.0.1\jakarta.inject-api-2.0.1.jar;C:\Users\merve\.m2\repository\org\projectlombok\lombok\1.18.30\lombok-1.18.30.jar;C:\Users\merve\.m2\repository\org\springframework\spring-webmvc\6.1.6\spring-webmvc-6.1.6.jar;C:\Users\merve\.m2\repository\org\springframework\spring-web\6.1.6\spring-web-6.1.6.jar;C:\Users\merve\.m2\repository\org\apache\tomcat\embed\tomcat-embed-core\10.1.25\tomcat-embed-core-10.1.25.jar;C:\Users\merve\.m2\repository\org\apache\tomcat\tomcat-annotations-api\10.1.25\tomcat-annotations-api-10.1.25.jar;C:\Users\merve\.m2\repository\org\apache\tomcat\embed\tomcat-embed-jasper\10.1.25\tomcat-embed-jasper-10.1.25.jar;C:\Users\merve\.m2\repository\org\apache\tomcat\embed\tomcat-embed-el\10.1.25\tomcat-embed-el-10.1.25.jar;C:\Users\merve\.m2\repository\org\eclipse\jdt\ecj\3.33.0\ecj-3.33.0.jar;C:\Users\merve\.m2\repository\org\apache\tomcat\embed\tomcat-embed-websocket\10.1.25\tomcat-embed-websocket-10.1.25.jar;C:\Users\merve\.m2\repository\jakarta\validation\jakarta.validation-api\3.0.2\jakarta.validation-api-3.0.2.jar;C:\Users\merve\.m2\repository\jakarta\annotation\jakarta.annotation-api\2.1.1\jakarta.annotation-api-2.1.1.jar;C:\Users\merve\.m2\repository\org\hibernate\validator\hibernate-validator\8.0.1.Final\hibernate-validator-8.0.1.Final.jar;C:\Users\merve\.m2\repository\org\postgresql\postgresql\42.7.7\postgresql-42.7.7.jar;C:\Users\merve\.m2\repository\org\checkerframework\checker-qual\3.49.3\checker-qual-3.49.3.jar;C:\Users\merve\.m2\repository\org\aspectj\aspectjweaver\1.9.22.1\aspectjweaver-1.9.22.1.jar;C:\Users\merve\.m2\repository\com\fasterxml\jackson\core\jackson-databind\2.17.2\jackson-databind-2.17.2.jar;C:\Users\merve\.m2\repository\com\fasterxml\jackson\datatype\jackson-datatype-jsr310\2.17.2\jackson-datatype-jsr310-2.17.2.jar;C:\Users\merve\.m2\repository\com\fasterxml\jackson\core\jackson-annotations\2.17.2\jackson-annotations-2.17.2.jar;C:\Users\merve\.m2\repository\com\fasterxml\jackson\core\jackson-core\2.17.2\jackson-core-2.17.2.jar;C:\Users\merve\.m2\repository\org\springdoc\springdoc-openapi-starter-webmvc-ui\2.5.0\springdoc-openapi-starter-webmvc-ui-2.5.0.jar;C:\Users\merve\.m2\repository\org\springdoc\springdoc-openapi-starter-webmvc-api\2.5.0\springdoc-openapi-starter-webmvc-api-2.5.0.jar;C:\Users\merve\.m2\repository\org\webjars\swagger-ui\5.13.0\swagger-ui-5.13.0.jar;C:\Users\merve\.m2\repository\org\springdoc\springdoc-openapi-starter-common\2.5.0\springdoc-openapi-starter-common-2.5.0.jar;C:\Users\merve\.m2\repository\org\springframework\boot\spring-boot-autoconfigure\3.2.4\spring-boot-autoconfigure-3.2.4.jar;C:\Users\merve\.m2\repository\org\springframework\boot\spring-boot\3.2.4\spring-boot-3.2.4.jar;C:\Users\merve\.m2\repository\io\swagger\core\v3\swagger-core-jakarta\2.2.21\swagger-core-jakarta-2.2.21.jar;C:\Users\merve\.m2\repository\org\apache\commons\commons-lang3\3.14.0\commons-lang3-3.14.0.jar;C:\Users\merve\.m2\repository\io\swagger\core\v3\swagger-annotations-jakarta\2.2.21\swagger-annotations-jakarta-2.2.21.jar;C:\Users\merve\.m2\repository\io\swagger\core\v3\swagger-models-jakarta\2.2.21\swagger-models-jakarta-2.2.21.jar;C:\Users\merve\.m2\repository\org\yaml\snakeyaml\2.2\snakeyaml-2.2.jar;C:\Users\merve\.m2\repository\com\fasterxml\jackson\dataformat\jackson-dataformat-yaml\2.16.2\jackson-dataformat-yaml-2.16.2.jar;C:\Users\merve\.m2\repository\org\springframework\spring-test\6.1.6\spring-test-6.1.6.jar;C:\Users\merve\.m2\repository\org\junit\jupiter\junit-jupiter-api\5.11.0\junit-jupiter-api-5.11.0.jar;C:\Users\merve\.m2\repository\org\opentest4j\opentest4j\1.3.0\opentest4j-1.3.0.jar;C:\Users\merve\.m2\repository\org\junit\platform\junit-platform-commons\1.11.0\junit-platform-commons-1.11.0.jar;C:\Users\merve\.m2\repository\org\apiguardian\apiguardian-api\1.1.2\apiguardian-api-1.1.2.jar;C:\Users\merve\.m2\repository\org\junit\jupiter\junit-jupiter-engine\5.11.0\junit-jupiter-engine-5.11.0.jar;C:\Users\merve\.m2\repository\org\junit\platform\junit-platform-engine\1.11.0\junit-platform-engine-1.11.0.jar;C:\Users\merve\.m2\repository\org\mockito\mockito-core\5.11.0\mockito-core-5.11.0.jar;C:\Users\merve\.m2\repository\net\bytebuddy\byte-buddy-agent\1.14.12\byte-buddy-agent-1.14.12.jar;C:\Users\merve\.m2\repository\org\objenesis\objenesis\3.3\objenesis-3.3.jar;C:\Users\merve\.m2\repository\org\mockito\mockito-junit-jupiter\5.11.0\mockito-junit-jupiter-5.11.0.jar;C:\Users\merve\.m2\repository\com\h2database\h2\2.2.224\h2-2.2.224.jar;"/>
    <property name="sun.cpu.endian" value="little"/>
    <property name="user.home" value="C:\Users\merve"/>
    <property name="user.language" value="tr"/>
    <property name="java.specification.vendor" value="Oracle Corporation"/>
    <property name="java.version.date" value="2025-04-15"/>
    <property name="java.home" value="C:\Users\merve\OneDrive\Masaüstü\sts-4.31.0.RELEASE\plugins\org.eclipse.justj.openjdk.hotspot.jre.full.win32.x86_64_21.0.7.v20250502-0916\jre"/>
    <property name="file.separator" value="\"/>
    <property name="basedir" value="C:\Users\merve\OneDrive\Masaüstü\Spring\gym-crm"/>
    <property name="java.vm.compressedOopsMode" value="Zero based"/>
    <property name="line.separator" value="&#10;"/>
    <property name="java.vm.specification.vendor" value="Oracle Corporation"/>
    <property name="java.specification.name" value="Java Platform API Specification"/>
    <property name="surefire.real.class.path" value="C:\Users\merve\AppData\Local\Temp\surefire17300024044026453053\surefirebooter-20250731211215682_3.jar"/>
    <property name="user.script" value=""/>
    <property name="sun.management.compiler" value="HotSpot 64-Bit Tiered Compilers"/>
    <property name="java.runtime.version" value="21.0.7+6-LTS"/>
    <property name="user.name" value="merve"/>
    <property name="stdout.encoding" value="Cp1254"/>
    <property name="path.separator" value=";"/>
    <property name="os.version" value="10.0"/>
    <property name="java.runtime.name" value="OpenJDK Runtime Environment"/>
    <property name="file.encoding" value="UTF-8"/>
    <property name="java.vm.name" value="OpenJDK 64-Bit Server VM"/>
    <property name="java.vendor.version" value="Temurin-21.0.7+6"/>
    <property name="localRepository" value="C:\Users\merve\.m2\repository"/>
    <property name="java.vendor.url.bug" value="https://github.com/adoptium/adoptium-support/issues"/>
    <property name="java.io.tmpdir" value="C:\Users\merve\AppData\Local\Temp\"/>
    <property name="java.version" value="21.0.7"/>
    <property name="user.dir" value="C:\Users\merve\OneDrive\Masaüstü\Spring\gym-crm"/>
    <property name="os.arch" value="amd64"/>
    <property name="java.vm.specification.name" value="Java Virtual Machine Specification"/>
    <property name="sun.os.patch.level" value=""/>
    <property name="native.encoding" value="Cp1254"/>
    <property name="java.library.path" value="C:\Users\merve\OneDrive\Masaüstü\sts-4.31.0.RELEASE\plugins\org.eclipse.justj.openjdk.hotspot.jre.full.win32.x86_64_21.0.7.v20250502-0916\jre\bin;C:\WINDOWS\Sun\Java\bin;C:\WINDOWS\system32;C:\WINDOWS;C:/Users/merve/OneDrive/Masaüstü/sts-4.31.0.RELEASE//plugins/org.eclipse.justj.openjdk.hotspot.jre.full.win32.x86_64_21.0.7.v20250502-0916/jre/bin/server;C:/Users/merve/OneDrive/Masaüstü/sts-4.31.0.RELEASE//plugins/org.eclipse.justj.openjdk.hotspot.jre.full.win32.x86_64_21.0.7.v20250502-0916/jre/bin;C:\Program Files\Common Files\Oracle\Java\javapath;C:\Windows\system32;C:\Windows;C:\Windows\System32\Wbem;C:\Windows\System32\WindowsPowerShell\v1.0\;C:\Windows\System32\OpenSSH\;C:\Program Files (x86)\NVIDIA Corporation\PhysX\Common;C:\WINDOWS\system32;C:\WINDOWS;C:\WINDOWS\System32\Wbem;C:\WINDOWS\System32\WindowsPowerShell\v1.0\;C:\WINDOWS\System32\OpenSSH\;C:\Program Files\NVIDIA Corporation\NVIDIA app\NvDLISR;C:\Program Files\apache-maven-3.9.11\bin;C:\Program Files\Git\cmd;C:\Program Files\Java\jdk-17\bin;C:\Users\merve\AppData\Local\Microsoft\WindowsApps;C:\Users\merve\AppData\Local\GitHubDesktop\bin;C:\Users\merve\OneDrive\Masaüstü\sts-4.31.0.RELEASE;;."/>
    <property name="java.vm.info" value="mixed mode, sharing"/>
    <property name="stderr.encoding" value="Cp1254"/>
    <property name="java.vendor" value="Eclipse Adoptium"/>
    <property name="java.vm.version" value="21.0.7+6-LTS"/>
    <property name="sun.io.unicode.encoding" value="UnicodeLittle"/>
    <property name="java.class.version" value="65.0"/>
  </properties>
  <testcase name="shouldThrowExceptionWhenCreateTrainingTraineeNotFound" classname="com.epam.gym_crm.service.impl.TrainingServiceImplTest" time="0.006">
    <system-out><![CDATA[21:12:18.359 [main] [NO-TX] INFO  c.e.g.s.impl.TrainingServiceImpl - User 'test.user' attempting to create a new training, Training creation request: TrainingCreateRequest(traineeUsername=nonexistent.trainee, trainerUsername=trainer.user, trainingName=Yoga, trainingDate=2023-10-26, trainingDuration=60)
21:12:18.363 [main] [NO-TX] WARN  c.e.g.s.impl.TrainingServiceImpl - Trainee with username 'nonexistent.trainee' not found for training creation by user 'test.user'.
]]></system-out>
  </testcase>
  <testcase name="shouldGetTrainingByIdSuccessfullyForAssociatedTrainee" classname="com.epam.gym_crm.service.impl.TrainingServiceImplTest" time="0.002">
    <system-out><![CDATA[21:12:18.365 [main] [NO-TX] INFO  c.e.g.s.impl.TrainingServiceImpl - User 'trainee.user' attempting to retrieve training with ID: 1.
21:12:18.366 [main] [NO-TX] INFO  c.e.g.s.impl.TrainingServiceImpl - Successfully retrieved training with ID: 1 for user 'trainee.user'.
]]></system-out>
  </testcase>
  <testcase name="shouldGetTrainingByIdSuccessfullyForAssociatedTrainer" classname="com.epam.gym_crm.service.impl.TrainingServiceImplTest" time="0.003">
    <system-out><![CDATA[21:12:18.367 [main] [NO-TX] INFO  c.e.g.s.impl.TrainingServiceImpl - User 'trainer.user' attempting to retrieve training with ID: 1.
21:12:18.369 [main] [NO-TX] INFO  c.e.g.s.impl.TrainingServiceImpl - Successfully retrieved training with ID: 1 for user 'trainer.user'.
]]></system-out>
  </testcase>
  <testcase name="shouldUpdateTrainingSuccessfully" classname="com.epam.gym_crm.service.impl.TrainingServiceImplTest" time="0.007">
    <system-out><![CDATA[21:12:18.370 [main] [NO-TX] INFO  c.e.g.s.impl.TrainingServiceImpl - User 'trainee.user' attempting to update training with ID: 1. Update request: TrainingUpdateRequest(id=1, trainingName=Updated Yoga, trainingDate=2023-10-27, trainingDuration=75, trainerUsername=trainer.user, traineeUsername=trainee.user, trainingTypeName=Yoga)
21:12:18.375 [main] [NO-TX] INFO  c.e.g.s.impl.TrainingServiceImpl - Training with ID: 1 updated successfully by user 'trainee.user'.
]]></system-out>
  </testcase>
  <testcase name="shouldThrowExceptionWhenDeleteTrainingByIdUnauthorized" classname="com.epam.gym_crm.service.impl.TrainingServiceImplTest" time="0.004">
    <system-out><![CDATA[21:12:18.378 [main] [NO-TX] INFO  c.e.g.s.impl.TrainingServiceImpl - User 'unauth.user' attempting to delete training with ID: 1.
21:12:18.379 [main] [NO-TX] WARN  c.e.g.s.impl.TrainingServiceImpl - Access Denied: User 'unauth.user' attempted to delete training with ID 1 not associated with them.
]]></system-out>
  </testcase>
  <testcase name="shouldThrowExceptionWhenGetTrainerTrainingsListTrainerNotFound" classname="com.epam.gym_crm.service.impl.TrainingServiceImplTest" time="0.005">
    <system-out><![CDATA[21:12:18.383 [main] [NO-TX] INFO  c.e.g.s.impl.TrainingServiceImpl - User 'nonexistent.trainer' attempting to retrieve trainings list for trainer 'nonexistent.trainer' with criteria: TrainerTrainingListRequest(fromDate=null, toDate=null, traineeName=null)
21:12:18.384 [main] [NO-TX] WARN  c.e.g.s.impl.TrainingServiceImpl - Trainer with username 'nonexistent.trainer' not found when trying to retrieve their trainings.
]]></system-out>
  </testcase>
  <testcase name="shouldThrowExceptionWhenUpdateTrainingNewTrainerNotFound" classname="com.epam.gym_crm.service.impl.TrainingServiceImplTest" time="0.003">
    <system-out><![CDATA[21:12:18.388 [main] [NO-TX] INFO  c.e.g.s.impl.TrainingServiceImpl - User 'trainee.user' attempting to update training with ID: 1. Update request: TrainingUpdateRequest(id=1, trainingName=Name, trainingDate=null, trainingDuration=null, trainerUsername=nonexistent.trainer, traineeUsername=null, trainingTypeName=null)
21:12:18.388 [main] [NO-TX] WARN  c.e.g.s.impl.TrainingServiceImpl - New Trainer with username 'nonexistent.trainer' not found for updating training ID 1 by user 'trainee.user'.
]]></system-out>
  </testcase>
  <testcase name="shouldThrowExceptionWhenUpdateTrainingNewTraineeNotActive" classname="com.epam.gym_crm.service.impl.TrainingServiceImplTest" time="0.005">
    <system-out><![CDATA[21:12:18.392 [main] [NO-TX] INFO  c.e.g.s.impl.TrainingServiceImpl - User 'trainer.user' attempting to update training with ID: 1. Update request: TrainingUpdateRequest(id=1, trainingName=Name, trainingDate=null, trainingDuration=null, trainerUsername=null, traineeUsername=inact.trainee, trainingTypeName=null)
21:12:18.393 [main] [NO-TX] WARN  c.e.g.s.impl.TrainingServiceImpl - New Trainee 'inact.trainee' is not active. Cannot update training.
]]></system-out>
  </testcase>
  <testcase name="shouldThrowExceptionWhenCreateTrainingTrainerNotActive" classname="com.epam.gym_crm.service.impl.TrainingServiceImplTest" time="0.003">
    <system-out><![CDATA[21:12:18.396 [main] [NO-TX] INFO  c.e.g.s.impl.TrainingServiceImpl - User 'test.user' attempting to create a new training, Training creation request: TrainingCreateRequest(traineeUsername=trainee.user, trainerUsername=inactive.trainer, trainingName=Yoga, trainingDate=2023-10-26, trainingDuration=60)
21:12:18.396 [main] [NO-TX] WARN  c.e.g.s.impl.TrainingServiceImpl - Trainer 'inactive.trainer' is not active. Cannot create training.
]]></system-out>
  </testcase>
  <testcase name="shouldThrowExceptionWhenCreateTrainingTrainingTypeNotFound" classname="com.epam.gym_crm.service.impl.TrainingServiceImplTest" time="0.002">
    <system-out><![CDATA[21:12:18.399 [main] [NO-TX] INFO  c.e.g.s.impl.TrainingServiceImpl - User 'test.user' attempting to create a new training, Training creation request: TrainingCreateRequest(traineeUsername=trainee.user, trainerUsername=trainer.user, trainingName=NonExistentType, trainingDate=2023-10-26, trainingDuration=60)
21:12:18.399 [main] [NO-TX] WARN  c.e.g.s.impl.TrainingServiceImpl - Training  with name 'NonExistentType' not found for training creation by user 'test.user'.
]]></system-out>
  </testcase>
  <testcase name="shouldThrowExceptionWhenUpdateTrainingNotFound" classname="com.epam.gym_crm.service.impl.TrainingServiceImplTest" time="0.004">
    <system-out><![CDATA[21:12:18.403 [main] [NO-TX] INFO  c.e.g.s.impl.TrainingServiceImpl - User 'test.user' attempting to update training with ID: 99. Update request: TrainingUpdateRequest(id=99, trainingName=Name, trainingDate=null, trainingDuration=null, trainerUsername=null, traineeUsername=null, trainingTypeName=null)
21:12:18.403 [main] [NO-TX] WARN  c.e.g.s.impl.TrainingServiceImpl - Training with ID 99 not found for update by user 'test.user'.
]]></system-out>
  </testcase>
  <testcase name="shouldThrowExceptionWhenGetTrainingByIdUnauthorized" classname="com.epam.gym_crm.service.impl.TrainingServiceImplTest" time="0.002">
    <system-out><![CDATA[21:12:18.406 [main] [NO-TX] INFO  c.e.g.s.impl.TrainingServiceImpl - User 'unauth.user' attempting to retrieve training with ID: 1.
21:12:18.407 [main] [NO-TX] WARN  c.e.g.s.impl.TrainingServiceImpl - Access Denied: User 'unauth.user' attempted to access training with ID 1 not associated with them.
]]></system-out>
  </testcase>
  <testcase name="shouldGetTraineeTrainingsListSuccessfully" classname="com.epam.gym_crm.service.impl.TrainingServiceImplTest" time="0.005">
    <system-out><![CDATA[21:12:18.410 [main] [NO-TX] INFO  c.e.g.s.impl.TrainingServiceImpl - User 'trainee.user' attempting to retrieve trainings list for trainee 'trainee.user' with criteria: TraineeTrainingListRequest(fromDate=2023-01-01, toDate=2023-12-31, trainerName=Trainer, trainingTypeName=Yoga)
21:12:18.412 [main] [NO-TX] INFO  c.e.g.s.impl.TrainingServiceImpl - Successfully retrieved and converted 2 trainings for trainee 'trainee.user'.
]]></system-out>
  </testcase>
  <testcase name="shouldGetAllTrainingsSuccessfully" classname="com.epam.gym_crm.service.impl.TrainingServiceImplTest" time="0.003">
    <system-out><![CDATA[21:12:18.415 [main] [NO-TX] INFO  c.e.g.s.impl.TrainingServiceImpl - User 'test.user' attempting to retrieve all trainings.
21:12:18.415 [main] [NO-TX] INFO  c.e.g.s.impl.TrainingServiceImpl - Successfully retrieved 2 trainings for user 'test.user'.
]]></system-out>
  </testcase>
  <testcase name="shouldGetTrainerTrainingsListSuccessfully" classname="com.epam.gym_crm.service.impl.TrainingServiceImplTest" time="0.004">
    <system-out><![CDATA[21:12:18.419 [main] [NO-TX] INFO  c.e.g.s.impl.TrainingServiceImpl - User 'trainer.user' attempting to retrieve trainings list for trainer 'trainer.user' with criteria: TrainerTrainingListRequest(fromDate=2023-01-01, toDate=2023-12-31, traineeName=Trainee)
21:12:18.420 [main] [NO-TX] INFO  c.e.g.s.impl.TrainingServiceImpl - Successfully retrieved and converted 2 trainings for trainer 'trainer.user'.
]]></system-out>
  </testcase>
  <testcase name="shouldThrowExceptionWhenUpdateTrainingUnauthorized" classname="com.epam.gym_crm.service.impl.TrainingServiceImplTest" time="0.003">
    <system-out><![CDATA[21:12:18.423 [main] [NO-TX] INFO  c.e.g.s.impl.TrainingServiceImpl - User 'unauth.user' attempting to update training with ID: 1. Update request: TrainingUpdateRequest(id=1, trainingName=Updated Name, trainingDate=null, trainingDuration=null, trainerUsername=null, traineeUsername=null, trainingTypeName=null)
21:12:18.423 [main] [NO-TX] WARN  c.e.g.s.impl.TrainingServiceImpl - Access Denied: User 'unauth.user' attempted to update training with ID 1 not associated with them.
]]></system-out>
  </testcase>
  <testcase name="shouldThrowExceptionWhenUpdateTrainingNewTrainingTypeNotFound" classname="com.epam.gym_crm.service.impl.TrainingServiceImplTest" time="0.004">
    <system-out><![CDATA[21:12:18.426 [main] [NO-TX] INFO  c.e.g.s.impl.TrainingServiceImpl - User 'trainee.user' attempting to update training with ID: 1. Update request: TrainingUpdateRequest(id=1, trainingName=Name, trainingDate=null, trainingDuration=null, trainerUsername=null, traineeUsername=null, trainingTypeName=NonExistentType)
21:12:18.427 [main] [NO-TX] WARN  c.e.g.s.impl.TrainingServiceImpl - New Training Type with name 'NonExistentType' not found for updating training ID 1 by user 'trainee.user'.
]]></system-out>
  </testcase>
  <testcase name="shouldThrowExceptionWhenGetTrainingByIdWithNullOrInvalidId" classname="com.epam.gym_crm.service.impl.TrainingServiceImplTest" time="0.003">
    <system-out><![CDATA[21:12:18.430 [main] [NO-TX] INFO  c.e.g.s.impl.TrainingServiceImpl - User 'test.user' attempting to retrieve training with ID: null.
21:12:18.430 [main] [NO-TX] ERROR c.e.g.s.impl.TrainingServiceImpl - Training ID for lookup cannot be null or non-positive: null. User: test.user
21:12:18.430 [main] [NO-TX] INFO  c.e.g.s.impl.TrainingServiceImpl - User 'test.user' attempting to retrieve training with ID: -5.
21:12:18.430 [main] [NO-TX] ERROR c.e.g.s.impl.TrainingServiceImpl - Training ID for lookup cannot be null or non-positive: -5. User: test.user
]]></system-out>
  </testcase>
  <testcase name="shouldThrowExceptionWhenGetTraineeTrainingsListTraineeNotFound" classname="com.epam.gym_crm.service.impl.TrainingServiceImplTest" time="0.003">
    <system-out><![CDATA[21:12:18.433 [main] [NO-TX] INFO  c.e.g.s.impl.TrainingServiceImpl - User 'nonexistent.trainee' attempting to retrieve trainings list for trainee 'nonexistent.trainee' with criteria: TraineeTrainingListRequest(fromDate=null, toDate=null, trainerName=null, trainingTypeName=null)
21:12:18.433 [main] [NO-TX] WARN  c.e.g.s.impl.TrainingServiceImpl - Trainee with username 'nonexistent.trainee' not found when trying to retrieve their trainings.
]]></system-out>
  </testcase>
  <testcase name="shouldThrowExceptionWhenCreateTrainingTrainerNotFound" classname="com.epam.gym_crm.service.impl.TrainingServiceImplTest" time="0.003">
    <system-out><![CDATA[21:12:18.436 [main] [NO-TX] INFO  c.e.g.s.impl.TrainingServiceImpl - User 'test.user' attempting to create a new training, Training creation request: TrainingCreateRequest(traineeUsername=trainee.user, trainerUsername=nonexistent.trainer, trainingName=Yoga, trainingDate=2023-10-26, trainingDuration=60)
21:12:18.436 [main] [NO-TX] WARN  c.e.g.s.impl.TrainingServiceImpl - Trainer with username 'nonexistent.trainer' not found for training creation by user 'test.user'.
]]></system-out>
  </testcase>
  <testcase name="shouldThrowExceptionWhenGetTrainingByIdNotFound" classname="com.epam.gym_crm.service.impl.TrainingServiceImplTest" time="0.003">
    <system-out><![CDATA[21:12:18.439 [main] [NO-TX] INFO  c.e.g.s.impl.TrainingServiceImpl - User 'test.user' attempting to retrieve training with ID: 99.
21:12:18.439 [main] [NO-TX] WARN  c.e.g.s.impl.TrainingServiceImpl - Training not found with ID=99 for user 'test.user'.
]]></system-out>
  </testcase>
  <testcase name="shouldDeleteTrainingByIdSuccessfully" classname="com.epam.gym_crm.service.impl.TrainingServiceImplTest" time="0.002">
    <system-out><![CDATA[21:12:18.441 [main] [NO-TX] INFO  c.e.g.s.impl.TrainingServiceImpl - User 'trainee.user' attempting to delete training with ID: 1.
21:12:18.441 [main] [NO-TX] INFO  c.e.g.s.impl.TrainingServiceImpl - Training with ID: 1 deleted successfully by user 'trainee.user'.
]]></system-out>
  </testcase>
  <testcase name="shouldThrowExceptionWhenUpdateTrainingNewTrainerNotActive" classname="com.epam.gym_crm.service.impl.TrainingServiceImplTest" time="0.002">
    <system-out><![CDATA[21:12:18.443 [main] [NO-TX] INFO  c.e.g.s.impl.TrainingServiceImpl - User 'trainee.user' attempting to update training with ID: 1. Update request: TrainingUpdateRequest(id=1, trainingName=Name, trainingDate=null, trainingDuration=null, trainerUsername=inact.trainer, traineeUsername=null, trainingTypeName=null)
21:12:18.444 [main] [NO-TX] WARN  c.e.g.s.impl.TrainingServiceImpl - New Trainer 'inact.trainer' is not active. Cannot update training.
]]></system-out>
  </testcase>
  <testcase name="shouldThrowExceptionWhenUpdateTrainingNewTraineeNotFound" classname="com.epam.gym_crm.service.impl.TrainingServiceImplTest" time="0.003">
    <system-out><![CDATA[21:12:18.446 [main] [NO-TX] INFO  c.e.g.s.impl.TrainingServiceImpl - User 'trainer.user' attempting to update training with ID: 1. Update request: TrainingUpdateRequest(id=1, trainingName=Name, trainingDate=null, trainingDuration=null, trainerUsername=null, traineeUsername=nonexistent.trainee, trainingTypeName=null)
21:12:18.446 [main] [NO-TX] WARN  c.e.g.s.impl.TrainingServiceImpl - New Trainee with username 'nonexistent.trainee' not found for updating training ID 1 by user 'trainer.user'.
]]></system-out>
  </testcase>
  <testcase name="shouldUpdateTrainingWithNewTrainerTraineeAndTypeSuccessfully" classname="com.epam.gym_crm.service.impl.TrainingServiceImplTest" time="0.002">
    <system-out><![CDATA[21:12:18.448 [main] [NO-TX] INFO  c.e.g.s.impl.TrainingServiceImpl - User 'trainee.user' attempting to update training with ID: 1. Update request: TrainingUpdateRequest(id=1, trainingName=Major Update, trainingDate=2024-01-01, trainingDuration=90, trainerUsername=new.trainer, traineeUsername=new.trainee, trainingTypeName=Cardio)
21:12:18.448 [main] [NO-TX] INFO  c.e.g.s.impl.TrainingServiceImpl - Training with ID: 1 updated successfully by user 'trainee.user'.
]]></system-out>
  </testcase>
  <testcase name="shouldThrowExceptionWhenDeleteTrainingByIdNotFound" classname="com.epam.gym_crm.service.impl.TrainingServiceImplTest" time="0.002">
    <system-out><![CDATA[21:12:18.451 [main] [NO-TX] INFO  c.e.g.s.impl.TrainingServiceImpl - User 'test.user' attempting to delete training with ID: 99.
21:12:18.452 [main] [NO-TX] WARN  c.e.g.s.impl.TrainingServiceImpl - Training with ID 99 not found for deletion by user 'test.user'.
]]></system-out>
  </testcase>
  <testcase name="shouldThrowExceptionWhenCreateTrainingTraineeNotActive" classname="com.epam.gym_crm.service.impl.TrainingServiceImplTest" time="0.002">
    <system-out><![CDATA[21:12:18.454 [main] [NO-TX] INFO  c.e.g.s.impl.TrainingServiceImpl - User 'test.user' attempting to create a new training, Training creation request: TrainingCreateRequest(traineeUsername=inactive.trainee, trainerUsername=trainer.user, trainingName=Yoga, trainingDate=2023-10-26, trainingDuration=60)
21:12:18.454 [main] [NO-TX] WARN  c.e.g.s.impl.TrainingServiceImpl - Trainee 'inactive.trainee' is not active. Cannot create training.
]]></system-out>
  </testcase>
  <testcase name="shouldThrowExceptionWhenDeleteTrainingByIdWithNullOrInvalidId" classname="com.epam.gym_crm.service.impl.TrainingServiceImplTest" time="0.003">
    <system-out><![CDATA[21:12:18.457 [main] [NO-TX] INFO  c.e.g.s.impl.TrainingServiceImpl - User 'test.user' attempting to delete training with ID: null.
21:12:18.457 [main] [NO-TX] ERROR c.e.g.s.impl.TrainingServiceImpl - Training ID for deletion cannot be null or non-positive: null. User: test.user
21:12:18.458 [main] [NO-TX] INFO  c.e.g.s.impl.TrainingServiceImpl - User 'test.user' attempting to delete training with ID: -5.
21:12:18.458 [main] [NO-TX] ERROR c.e.g.s.impl.TrainingServiceImpl - Training ID for deletion cannot be null or non-positive: -5. User: test.user
]]></system-out>
  </testcase>
  <testcase name="shouldThrowExceptionWhenUpdateTrainingWithNullOrInvalidId" classname="com.epam.gym_crm.service.impl.TrainingServiceImplTest" time="0.002">
    <system-out><![CDATA[21:12:18.459 [main] [NO-TX] INFO  c.e.g.s.impl.TrainingServiceImpl - User 'test.user' attempting to update training with ID: null. Update request: TrainingUpdateRequest(id=null, trainingName=Name, trainingDate=null, trainingDuration=null, trainerUsername=null, traineeUsername=null, trainingTypeName=null)
21:12:18.459 [main] [NO-TX] ERROR c.e.g.s.impl.TrainingServiceImpl - Training ID for update cannot be null or non-positive: null. User: test.user
21:12:18.460 [main] [NO-TX] INFO  c.e.g.s.impl.TrainingServiceImpl - User 'test.user' attempting to update training with ID: -5. Update request: TrainingUpdateRequest(id=-5, trainingName=Name, trainingDate=null, trainingDuration=null, trainerUsername=null, traineeUsername=null, trainingTypeName=null)
21:12:18.460 [main] [NO-TX] ERROR c.e.g.s.impl.TrainingServiceImpl - Training ID for update cannot be null or non-positive: -5. User: test.user
]]></system-out>
  </testcase>
  <testcase name="shouldThrowExceptionWhenGetTraineeTrainingsListTraineeNotActive" classname="com.epam.gym_crm.service.impl.TrainingServiceImplTest" time="0.003">
    <system-out><![CDATA[21:12:18.467 [main] [NO-TX] INFO  c.e.g.s.impl.TrainingServiceImpl - User 'inactive.trainee' attempting to retrieve trainings list for trainee 'inactive.trainee' with criteria: TraineeTrainingListRequest(fromDate=null, toDate=null, trainerName=null, trainingTypeName=null)
21:12:18.468 [main] [NO-TX] WARN  c.e.g.s.impl.TrainingServiceImpl - Trainee 'inactive.trainee' is not active. Cannot retrieve their trainings.
]]></system-out>
  </testcase>
  <testcase name="shouldThrowExceptionWhenGetTraineeTrainingsListUnauthorizedUser" classname="com.epam.gym_crm.service.impl.TrainingServiceImplTest" time="0.001">
    <system-out><![CDATA[21:12:18.470 [main] [NO-TX] INFO  c.e.g.s.impl.TrainingServiceImpl - User 'other.user' attempting to retrieve trainings list for trainee 'trainee.user' with criteria: TraineeTrainingListRequest(fromDate=null, toDate=null, trainerName=null, trainingTypeName=null)
21:12:18.470 [main] [NO-TX] WARN  c.e.g.s.impl.TrainingServiceImpl - Access Denied: User 'other.user' attempted to access trainings of trainee 'trainee.user'.
]]></system-out>
  </testcase>
  <testcase name="shouldThrowExceptionWhenGetTrainerTrainingsListUnauthorizedUser" classname="com.epam.gym_crm.service.impl.TrainingServiceImplTest" time="0.002">
    <system-out><![CDATA[21:12:18.472 [main] [NO-TX] INFO  c.e.g.s.impl.TrainingServiceImpl - User 'other.user' attempting to retrieve trainings list for trainer 'trainer.user' with criteria: TrainerTrainingListRequest(fromDate=null, toDate=null, traineeName=null)
21:12:18.472 [main] [NO-TX] WARN  c.e.g.s.impl.TrainingServiceImpl - Access Denied: User 'other.user' attempted to access trainings of trainer 'trainer.user'.
]]></system-out>
  </testcase>
  <testcase name="shouldCreateTrainingSuccessfully" classname="com.epam.gym_crm.service.impl.TrainingServiceImplTest" time="0.002">
    <system-out><![CDATA[21:12:18.474 [main] [NO-TX] INFO  c.e.g.s.impl.TrainingServiceImpl - User 'test.user' attempting to create a new training, Training creation request: TrainingCreateRequest(traineeUsername=trainee.user, trainerUsername=trainer.user, trainingName=Yoga, trainingDate=2023-10-26, trainingDuration=60)
21:12:18.474 [main] [NO-TX] INFO  c.e.g.s.impl.TrainingServiceImpl - Assigned Trainer 'trainer.user' to Trainee 'trainee.user' as part of training creation.
21:12:18.474 [main] [NO-TX] INFO  c.e.g.s.impl.TrainingServiceImpl - Training 'Yoga' created successfully with ID: 10 by user 'test.user'.
]]></system-out>
  </testcase>
</testsuite>