<?xml version="1.0" encoding="UTF-8"?>
<testsuite xmlns:xsi="http://www.w3.org/2001/XMLSchema-instance" xsi:noNamespaceSchemaLocation="https://maven.apache.org/surefire/maven-surefire-plugin/xsd/surefire-test-report-3.0.xsd" version="3.0" name="com.epam.gym_crm.service.impl.TraineeServiceImplTest" time="0.219" tests="36" errors="0" skipped="0" failures="0">
  <properties>
    <property name="java.specification.version" value="21"/>
    <property name="sun.cpu.isalist" value="amd64"/>
    <property name="sun.jnu.encoding" value="Cp1254"/>
    <property name="java.class.path" value="C:\Users\merve\OneDrive\Masaüstü\Spring\gym-crm\target\test-classes;C:\Users\merve\OneDrive\Masaüstü\Spring\gym-crm\target\classes;C:\Users\merve\.m2\repository\org\springframework\spring-context\6.1.6\spring-context-6.1.6.jar;C:\Users\merve\.m2\repository\org\springframework\spring-beans\6.1.6\spring-beans-6.1.6.jar;C:\Users\merve\.m2\repository\org\springframework\spring-core\6.1.6\spring-core-6.1.6.jar;C:\Users\merve\.m2\repository\org\springframework\spring-jcl\6.1.6\spring-jcl-6.1.6.jar;C:\Users\merve\.m2\repository\org\springframework\spring-expression\6.1.6\spring-expression-6.1.6.jar;C:\Users\merve\.m2\repository\io\micrometer\micrometer-observation\1.12.5\micrometer-observation-1.12.5.jar;C:\Users\merve\.m2\repository\io\micrometer\micrometer-commons\1.12.5\micrometer-commons-1.12.5.jar;C:\Users\merve\.m2\repository\org\springframework\spring-orm\6.1.6\spring-orm-6.1.6.jar;C:\Users\merve\.m2\repository\org\springframework\spring-tx\6.1.6\spring-tx-6.1.6.jar;C:\Users\merve\.m2\repository\org\springframework\data\spring-data-jpa\3.2.5\spring-data-jpa-3.2.5.jar;C:\Users\merve\.m2\repository\org\springframework\data\spring-data-commons\3.2.5\spring-data-commons-3.2.5.jar;C:\Users\merve\.m2\repository\org\antlr\antlr4-runtime\4.13.0\antlr4-runtime-4.13.0.jar;C:\Users\merve\.m2\repository\org\springframework\spring-jdbc\6.1.6\spring-jdbc-6.1.6.jar;C:\Users\merve\.m2\repository\jakarta\servlet\jakarta.servlet-api\6.0.0\jakarta.servlet-api-6.0.0.jar;C:\Users\merve\.m2\repository\org\springframework\spring-aop\6.1.6\spring-aop-6.1.6.jar;C:\Users\merve\.m2\repository\org\aspectj\aspectjrt\1.9.22.1\aspectjrt-1.9.22.1.jar;C:\Users\merve\.m2\repository\org\slf4j\slf4j-api\2.0.13\slf4j-api-2.0.13.jar;C:\Users\merve\.m2\repository\ch\qos\logback\logback-classic\1.5.6\logback-classic-1.5.6.jar;C:\Users\merve\.m2\repository\ch\qos\logback\logback-core\1.5.6\logback-core-1.5.6.jar;C:\Users\merve\.m2\repository\jakarta\persistence\jakarta.persistence-api\3.1.0\jakarta.persistence-api-3.1.0.jar;C:\Users\merve\.m2\repository\org\hibernate\orm\hibernate-core\6.5.2.Final\hibernate-core-6.5.2.Final.jar;C:\Users\merve\.m2\repository\jakarta\transaction\jakarta.transaction-api\2.0.1\jakarta.transaction-api-2.0.1.jar;C:\Users\merve\.m2\repository\org\jboss\logging\jboss-logging\3.5.0.Final\jboss-logging-3.5.0.Final.jar;C:\Users\merve\.m2\repository\org\hibernate\common\hibernate-commons-annotations\6.0.6.Final\hibernate-commons-annotations-6.0.6.Final.jar;C:\Users\merve\.m2\repository\io\smallrye\jandex\3.1.2\jandex-3.1.2.jar;C:\Users\merve\.m2\repository\com\fasterxml\classmate\1.5.1\classmate-1.5.1.jar;C:\Users\merve\.m2\repository\net\bytebuddy\byte-buddy\1.14.15\byte-buddy-1.14.15.jar;C:\Users\merve\.m2\repository\jakarta\xml\bind\jakarta.xml.bind-api\4.0.0\jakarta.xml.bind-api-4.0.0.jar;C:\Users\merve\.m2\repository\jakarta\activation\jakarta.activation-api\2.1.0\jakarta.activation-api-2.1.0.jar;C:\Users\merve\.m2\repository\org\glassfish\jaxb\jaxb-runtime\4.0.2\jaxb-runtime-4.0.2.jar;C:\Users\merve\.m2\repository\org\glassfish\jaxb\jaxb-core\4.0.2\jaxb-core-4.0.2.jar;C:\Users\merve\.m2\repository\org\eclipse\angus\angus-activation\2.0.0\angus-activation-2.0.0.jar;C:\Users\merve\.m2\repository\org\glassfish\jaxb\txw2\4.0.2\txw2-4.0.2.jar;C:\Users\merve\.m2\repository\com\sun\istack\istack-commons-runtime\4.1.1\istack-commons-runtime-4.1.1.jar;C:\Users\merve\.m2\repository\jakarta\inject\jakarta.inject-api\2.0.1\jakarta.inject-api-2.0.1.jar;C:\Users\merve\.m2\repository\org\projectlombok\lombok\1.18.30\lombok-1.18.30.jar;C:\Users\merve\.m2\repository\org\springframework\spring-webmvc\6.1.6\spring-webmvc-6.1.6.jar;C:\Users\merve\.m2\repository\org\springframework\spring-web\6.1.6\spring-web-6.1.6.jar;C:\Users\merve\.m2\repository\org\apache\tomcat\embed\tomcat-embed-core\10.1.25\tomcat-embed-core-10.1.25.jar;C:\Users\merve\.m2\repository\org\apache\tomcat\tomcat-annotations-api\10.1.25\tomcat-annotations-api-10.1.25.jar;C:\Users\merve\.m2\repository\org\apache\tomcat\embed\tomcat-embed-jasper\10.1.25\tomcat-embed-jasper-10.1.25.jar;C:\Users\merve\.m2\repository\org\apache\tomcat\embed\tomcat-embed-el\10.1.25\tomcat-embed-el-10.1.25.jar;C:\Users\merve\.m2\repository\org\eclipse\jdt\ecj\3.33.0\ecj-3.33.0.jar;C:\Users\merve\.m2\repository\org\apache\tomcat\embed\tomcat-embed-websocket\10.1.25\tomcat-embed-websocket-10.1.25.jar;C:\Users\merve\.m2\repository\jakarta\validation\jakarta.validation-api\3.0.2\jakarta.validation-api-3.0.2.jar;C:\Users\merve\.m2\repository\jakarta\annotation\jakarta.annotation-api\2.1.1\jakarta.annotation-api-2.1.1.jar;C:\Users\merve\.m2\repository\org\hibernate\validator\hibernate-validator\8.0.1.Final\hibernate-validator-8.0.1.Final.jar;C:\Users\merve\.m2\repository\org\postgresql\postgresql\42.7.7\postgresql-42.7.7.jar;C:\Users\merve\.m2\repository\org\checkerframework\checker-qual\3.49.3\checker-qual-3.49.3.jar;C:\Users\merve\.m2\repository\org\aspectj\aspectjweaver\1.9.22.1\aspectjweaver-1.9.22.1.jar;C:\Users\merve\.m2\repository\com\fasterxml\jackson\core\jackson-databind\2.17.2\jackson-databind-2.17.2.jar;C:\Users\merve\.m2\repository\com\fasterxml\jackson\datatype\jackson-datatype-jsr310\2.17.2\jackson-datatype-jsr310-2.17.2.jar;C:\Users\merve\.m2\repository\com\fasterxml\jackson\core\jackson-annotations\2.17.2\jackson-annotations-2.17.2.jar;C:\Users\merve\.m2\repository\com\fasterxml\jackson\core\jackson-core\2.17.2\jackson-core-2.17.2.jar;C:\Users\merve\.m2\repository\org\springdoc\springdoc-openapi-starter-webmvc-ui\2.5.0\springdoc-openapi-starter-webmvc-ui-2.5.0.jar;C:\Users\merve\.m2\repository\org\springdoc\springdoc-openapi-starter-webmvc-api\2.5.0\springdoc-openapi-starter-webmvc-api-2.5.0.jar;C:\Users\merve\.m2\repository\org\webjars\swagger-ui\5.13.0\swagger-ui-5.13.0.jar;C:\Users\merve\.m2\repository\org\springdoc\springdoc-openapi-starter-common\2.5.0\springdoc-openapi-starter-common-2.5.0.jar;C:\Users\merve\.m2\repository\org\springframework\boot\spring-boot-autoconfigure\3.2.4\spring-boot-autoconfigure-3.2.4.jar;C:\Users\merve\.m2\repository\org\springframework\boot\spring-boot\3.2.4\spring-boot-3.2.4.jar;C:\Users\merve\.m2\repository\io\swagger\core\v3\swagger-core-jakarta\2.2.21\swagger-core-jakarta-2.2.21.jar;C:\Users\merve\.m2\repository\org\apache\commons\commons-lang3\3.14.0\commons-lang3-3.14.0.jar;C:\Users\merve\.m2\repository\io\swagger\core\v3\swagger-annotations-jakarta\2.2.21\swagger-annotations-jakarta-2.2.21.jar;C:\Users\merve\.m2\repository\io\swagger\core\v3\swagger-models-jakarta\2.2.21\swagger-models-jakarta-2.2.21.jar;C:\Users\merve\.m2\repository\org\yaml\snakeyaml\2.2\snakeyaml-2.2.jar;C:\Users\merve\.m2\repository\com\fasterxml\jackson\dataformat\jackson-dataformat-yaml\2.16.2\jackson-dataformat-yaml-2.16.2.jar;C:\Users\merve\.m2\repository\org\springframework\spring-test\6.1.6\spring-test-6.1.6.jar;C:\Users\merve\.m2\repository\org\junit\jupiter\junit-jupiter-api\5.11.0\junit-jupiter-api-5.11.0.jar;C:\Users\merve\.m2\repository\org\opentest4j\opentest4j\1.3.0\opentest4j-1.3.0.jar;C:\Users\merve\.m2\repository\org\junit\platform\junit-platform-commons\1.11.0\junit-platform-commons-1.11.0.jar;C:\Users\merve\.m2\repository\org\apiguardian\apiguardian-api\1.1.2\apiguardian-api-1.1.2.jar;C:\Users\merve\.m2\repository\org\junit\jupiter\junit-jupiter-engine\5.11.0\junit-jupiter-engine-5.11.0.jar;C:\Users\merve\.m2\repository\org\junit\platform\junit-platform-engine\1.11.0\junit-platform-engine-1.11.0.jar;C:\Users\merve\.m2\repository\org\mockito\mockito-core\5.11.0\mockito-core-5.11.0.jar;C:\Users\merve\.m2\repository\net\bytebuddy\byte-buddy-agent\1.14.12\byte-buddy-agent-1.14.12.jar;C:\Users\merve\.m2\repository\org\objenesis\objenesis\3.3\objenesis-3.3.jar;C:\Users\merve\.m2\repository\org\mockito\mockito-junit-jupiter\5.11.0\mockito-junit-jupiter-5.11.0.jar;C:\Users\merve\.m2\repository\com\h2database\h2\2.2.224\h2-2.2.224.jar;"/>
    <property name="java.vm.vendor" value="Eclipse Adoptium"/>
    <property name="sun.arch.data.model" value="64"/>
    <property name="user.variant" value=""/>
    <property name="java.vendor.url" value="https://adoptium.net/"/>
    <property name="user.timezone" value="Europe/Istanbul"/>
    <property name="os.name" value="Windows 11"/>
    <property name="java.vm.specification.version" value="21"/>
    <property name="sun.java.launcher" value="SUN_STANDARD"/>
    <property name="user.country" value="TR"/>
    <property name="sun.boot.library.path" value="C:\Users\merve\OneDrive\Masaüstü\sts-4.31.0.RELEASE\plugins\org.eclipse.justj.openjdk.hotspot.jre.full.win32.x86_64_21.0.7.v20250502-0916\jre\bin"/>
    <property name="sun.java.command" value="C:\Users\merve\AppData\Local\Temp\surefire324591209021191807\surefirebooter-20250731204402065_3.jar C:\Users\merve\AppData\Local\Temp\surefire324591209021191807 2025-07-31T20-44-01_966-jvmRun1 surefire-20250731204402065_1tmp surefire_0-20250731204402065_2tmp"/>
    <property name="jdk.debug" value="release"/>
    <property name="surefire.test.class.path" value="C:\Users\merve\OneDrive\Masaüstü\Spring\gym-crm\target\test-classes;C:\Users\merve\OneDrive\Masaüstü\Spring\gym-crm\target\classes;C:\Users\merve\.m2\repository\org\springframework\spring-context\6.1.6\spring-context-6.1.6.jar;C:\Users\merve\.m2\repository\org\springframework\spring-beans\6.1.6\spring-beans-6.1.6.jar;C:\Users\merve\.m2\repository\org\springframework\spring-core\6.1.6\spring-core-6.1.6.jar;C:\Users\merve\.m2\repository\org\springframework\spring-jcl\6.1.6\spring-jcl-6.1.6.jar;C:\Users\merve\.m2\repository\org\springframework\spring-expression\6.1.6\spring-expression-6.1.6.jar;C:\Users\merve\.m2\repository\io\micrometer\micrometer-observation\1.12.5\micrometer-observation-1.12.5.jar;C:\Users\merve\.m2\repository\io\micrometer\micrometer-commons\1.12.5\micrometer-commons-1.12.5.jar;C:\Users\merve\.m2\repository\org\springframework\spring-orm\6.1.6\spring-orm-6.1.6.jar;C:\Users\merve\.m2\repository\org\springframework\spring-tx\6.1.6\spring-tx-6.1.6.jar;C:\Users\merve\.m2\repository\org\springframework\data\spring-data-jpa\3.2.5\spring-data-jpa-3.2.5.jar;C:\Users\merve\.m2\repository\org\springframework\data\spring-data-commons\3.2.5\spring-data-commons-3.2.5.jar;C:\Users\merve\.m2\repository\org\antlr\antlr4-runtime\4.13.0\antlr4-runtime-4.13.0.jar;C:\Users\merve\.m2\repository\org\springframework\spring-jdbc\6.1.6\spring-jdbc-6.1.6.jar;C:\Users\merve\.m2\repository\jakarta\servlet\jakarta.servlet-api\6.0.0\jakarta.servlet-api-6.0.0.jar;C:\Users\merve\.m2\repository\org\springframework\spring-aop\6.1.6\spring-aop-6.1.6.jar;C:\Users\merve\.m2\repository\org\aspectj\aspectjrt\1.9.22.1\aspectjrt-1.9.22.1.jar;C:\Users\merve\.m2\repository\org\slf4j\slf4j-api\2.0.13\slf4j-api-2.0.13.jar;C:\Users\merve\.m2\repository\ch\qos\logback\logback-classic\1.5.6\logback-classic-1.5.6.jar;C:\Users\merve\.m2\repository\ch\qos\logback\logback-core\1.5.6\logback-core-1.5.6.jar;C:\Users\merve\.m2\repository\jakarta\persistence\jakarta.persistence-api\3.1.0\jakarta.persistence-api-3.1.0.jar;C:\Users\merve\.m2\repository\org\hibernate\orm\hibernate-core\6.5.2.Final\hibernate-core-6.5.2.Final.jar;C:\Users\merve\.m2\repository\jakarta\transaction\jakarta.transaction-api\2.0.1\jakarta.transaction-api-2.0.1.jar;C:\Users\merve\.m2\repository\org\jboss\logging\jboss-logging\3.5.0.Final\jboss-logging-3.5.0.Final.jar;C:\Users\merve\.m2\repository\org\hibernate\common\hibernate-commons-annotations\6.0.6.Final\hibernate-commons-annotations-6.0.6.Final.jar;C:\Users\merve\.m2\repository\io\smallrye\jandex\3.1.2\jandex-3.1.2.jar;C:\Users\merve\.m2\repository\com\fasterxml\classmate\1.5.1\classmate-1.5.1.jar;C:\Users\merve\.m2\repository\net\bytebuddy\byte-buddy\1.14.15\byte-buddy-1.14.15.jar;C:\Users\merve\.m2\repository\jakarta\xml\bind\jakarta.xml.bind-api\4.0.0\jakarta.xml.bind-api-4.0.0.jar;C:\Users\merve\.m2\repository\jakarta\activation\jakarta.activation-api\2.1.0\jakarta.activation-api-2.1.0.jar;C:\Users\merve\.m2\repository\org\glassfish\jaxb\jaxb-runtime\4.0.2\jaxb-runtime-4.0.2.jar;C:\Users\merve\.m2\repository\org\glassfish\jaxb\jaxb-core\4.0.2\jaxb-core-4.0.2.jar;C:\Users\merve\.m2\repository\org\eclipse\angus\angus-activation\2.0.0\angus-activation-2.0.0.jar;C:\Users\merve\.m2\repository\org\glassfish\jaxb\txw2\4.0.2\txw2-4.0.2.jar;C:\Users\merve\.m2\repository\com\sun\istack\istack-commons-runtime\4.1.1\istack-commons-runtime-4.1.1.jar;C:\Users\merve\.m2\repository\jakarta\inject\jakarta.inject-api\2.0.1\jakarta.inject-api-2.0.1.jar;C:\Users\merve\.m2\repository\org\projectlombok\lombok\1.18.30\lombok-1.18.30.jar;C:\Users\merve\.m2\repository\org\springframework\spring-webmvc\6.1.6\spring-webmvc-6.1.6.jar;C:\Users\merve\.m2\repository\org\springframework\spring-web\6.1.6\spring-web-6.1.6.jar;C:\Users\merve\.m2\repository\org\apache\tomcat\embed\tomcat-embed-core\10.1.25\tomcat-embed-core-10.1.25.jar;C:\Users\merve\.m2\repository\org\apache\tomcat\tomcat-annotations-api\10.1.25\tomcat-annotations-api-10.1.25.jar;C:\Users\merve\.m2\repository\org\apache\tomcat\embed\tomcat-embed-jasper\10.1.25\tomcat-embed-jasper-10.1.25.jar;C:\Users\merve\.m2\repository\org\apache\tomcat\embed\tomcat-embed-el\10.1.25\tomcat-embed-el-10.1.25.jar;C:\Users\merve\.m2\repository\org\eclipse\jdt\ecj\3.33.0\ecj-3.33.0.jar;C:\Users\merve\.m2\repository\org\apache\tomcat\embed\tomcat-embed-websocket\10.1.25\tomcat-embed-websocket-10.1.25.jar;C:\Users\merve\.m2\repository\jakarta\validation\jakarta.validation-api\3.0.2\jakarta.validation-api-3.0.2.jar;C:\Users\merve\.m2\repository\jakarta\annotation\jakarta.annotation-api\2.1.1\jakarta.annotation-api-2.1.1.jar;C:\Users\merve\.m2\repository\org\hibernate\validator\hibernate-validator\8.0.1.Final\hibernate-validator-8.0.1.Final.jar;C:\Users\merve\.m2\repository\org\postgresql\postgresql\42.7.7\postgresql-42.7.7.jar;C:\Users\merve\.m2\repository\org\checkerframework\checker-qual\3.49.3\checker-qual-3.49.3.jar;C:\Users\merve\.m2\repository\org\aspectj\aspectjweaver\1.9.22.1\aspectjweaver-1.9.22.1.jar;C:\Users\merve\.m2\repository\com\fasterxml\jackson\core\jackson-databind\2.17.2\jackson-databind-2.17.2.jar;C:\Users\merve\.m2\repository\com\fasterxml\jackson\datatype\jackson-datatype-jsr310\2.17.2\jackson-datatype-jsr310-2.17.2.jar;C:\Users\merve\.m2\repository\com\fasterxml\jackson\core\jackson-annotations\2.17.2\jackson-annotations-2.17.2.jar;C:\Users\merve\.m2\repository\com\fasterxml\jackson\core\jackson-core\2.17.2\jackson-core-2.17.2.jar;C:\Users\merve\.m2\repository\org\springdoc\springdoc-openapi-starter-webmvc-ui\2.5.0\springdoc-openapi-starter-webmvc-ui-2.5.0.jar;C:\Users\merve\.m2\repository\org\springdoc\springdoc-openapi-starter-webmvc-api\2.5.0\springdoc-openapi-starter-webmvc-api-2.5.0.jar;C:\Users\merve\.m2\repository\org\webjars\swagger-ui\5.13.0\swagger-ui-5.13.0.jar;C:\Users\merve\.m2\repository\org\springdoc\springdoc-openapi-starter-common\2.5.0\springdoc-openapi-starter-common-2.5.0.jar;C:\Users\merve\.m2\repository\org\springframework\boot\spring-boot-autoconfigure\3.2.4\spring-boot-autoconfigure-3.2.4.jar;C:\Users\merve\.m2\repository\org\springframework\boot\spring-boot\3.2.4\spring-boot-3.2.4.jar;C:\Users\merve\.m2\repository\io\swagger\core\v3\swagger-core-jakarta\2.2.21\swagger-core-jakarta-2.2.21.jar;C:\Users\merve\.m2\repository\org\apache\commons\commons-lang3\3.14.0\commons-lang3-3.14.0.jar;C:\Users\merve\.m2\repository\io\swagger\core\v3\swagger-annotations-jakarta\2.2.21\swagger-annotations-jakarta-2.2.21.jar;C:\Users\merve\.m2\repository\io\swagger\core\v3\swagger-models-jakarta\2.2.21\swagger-models-jakarta-2.2.21.jar;C:\Users\merve\.m2\repository\org\yaml\snakeyaml\2.2\snakeyaml-2.2.jar;C:\Users\merve\.m2\repository\com\fasterxml\jackson\dataformat\jackson-dataformat-yaml\2.16.2\jackson-dataformat-yaml-2.16.2.jar;C:\Users\merve\.m2\repository\org\springframework\spring-test\6.1.6\spring-test-6.1.6.jar;C:\Users\merve\.m2\repository\org\junit\jupiter\junit-jupiter-api\5.11.0\junit-jupiter-api-5.11.0.jar;C:\Users\merve\.m2\repository\org\opentest4j\opentest4j\1.3.0\opentest4j-1.3.0.jar;C:\Users\merve\.m2\repository\org\junit\platform\junit-platform-commons\1.11.0\junit-platform-commons-1.11.0.jar;C:\Users\merve\.m2\repository\org\apiguardian\apiguardian-api\1.1.2\apiguardian-api-1.1.2.jar;C:\Users\merve\.m2\repository\org\junit\jupiter\junit-jupiter-engine\5.11.0\junit-jupiter-engine-5.11.0.jar;C:\Users\merve\.m2\repository\org\junit\platform\junit-platform-engine\1.11.0\junit-platform-engine-1.11.0.jar;C:\Users\merve\.m2\repository\org\mockito\mockito-core\5.11.0\mockito-core-5.11.0.jar;C:\Users\merve\.m2\repository\net\bytebuddy\byte-buddy-agent\1.14.12\byte-buddy-agent-1.14.12.jar;C:\Users\merve\.m2\repository\org\objenesis\objenesis\3.3\objenesis-3.3.jar;C:\Users\merve\.m2\repository\org\mockito\mockito-junit-jupiter\5.11.0\mockito-junit-jupiter-5.11.0.jar;C:\Users\merve\.m2\repository\com\h2database\h2\2.2.224\h2-2.2.224.jar;"/>
    <property name="sun.cpu.endian" value="little"/>
    <property name="user.home" value="C:\Users\merve"/>
    <property name="user.language" value="tr"/>
    <property name="java.specification.vendor" value="Oracle Corporation"/>
    <property name="java.version.date" value="2025-04-15"/>
    <property name="java.home" value="C:\Users\merve\OneDrive\Masaüstü\sts-4.31.0.RELEASE\plugins\org.eclipse.justj.openjdk.hotspot.jre.full.win32.x86_64_21.0.7.v20250502-0916\jre"/>
    <property name="file.separator" value="\"/>
    <property name="basedir" value="C:\Users\merve\OneDrive\Masaüstü\Spring\gym-crm"/>
    <property name="java.vm.compressedOopsMode" value="Zero based"/>
    <property name="line.separator" value="&#10;"/>
    <property name="java.vm.specification.vendor" value="Oracle Corporation"/>
    <property name="java.specification.name" value="Java Platform API Specification"/>
    <property name="surefire.real.class.path" value="C:\Users\merve\AppData\Local\Temp\surefire324591209021191807\surefirebooter-20250731204402065_3.jar"/>
    <property name="user.script" value=""/>
    <property name="sun.management.compiler" value="HotSpot 64-Bit Tiered Compilers"/>
    <property name="java.runtime.version" value="21.0.7+6-LTS"/>
    <property name="user.name" value="merve"/>
    <property name="stdout.encoding" value="Cp1254"/>
    <property name="path.separator" value=";"/>
    <property name="os.version" value="10.0"/>
    <property name="java.runtime.name" value="OpenJDK Runtime Environment"/>
    <property name="file.encoding" value="UTF-8"/>
    <property name="java.vm.name" value="OpenJDK 64-Bit Server VM"/>
    <property name="java.vendor.version" value="Temurin-21.0.7+6"/>
    <property name="localRepository" value="C:\Users\merve\.m2\repository"/>
    <property name="java.vendor.url.bug" value="https://github.com/adoptium/adoptium-support/issues"/>
    <property name="java.io.tmpdir" value="C:\Users\merve\AppData\Local\Temp\"/>
    <property name="java.version" value="21.0.7"/>
    <property name="user.dir" value="C:\Users\merve\OneDrive\Masaüstü\Spring\gym-crm"/>
    <property name="os.arch" value="amd64"/>
    <property name="java.vm.specification.name" value="Java Virtual Machine Specification"/>
    <property name="sun.os.patch.level" value=""/>
    <property name="native.encoding" value="Cp1254"/>
    <property name="java.library.path" value="C:\Users\merve\OneDrive\Masaüstü\sts-4.31.0.RELEASE\plugins\org.eclipse.justj.openjdk.hotspot.jre.full.win32.x86_64_21.0.7.v20250502-0916\jre\bin;C:\WINDOWS\Sun\Java\bin;C:\WINDOWS\system32;C:\WINDOWS;C:/Users/merve/OneDrive/Masaüstü/sts-4.31.0.RELEASE//plugins/org.eclipse.justj.openjdk.hotspot.jre.full.win32.x86_64_21.0.7.v20250502-0916/jre/bin/server;C:/Users/merve/OneDrive/Masaüstü/sts-4.31.0.RELEASE//plugins/org.eclipse.justj.openjdk.hotspot.jre.full.win32.x86_64_21.0.7.v20250502-0916/jre/bin;C:\Program Files\Common Files\Oracle\Java\javapath;C:\Windows\system32;C:\Windows;C:\Windows\System32\Wbem;C:\Windows\System32\WindowsPowerShell\v1.0\;C:\Windows\System32\OpenSSH\;C:\Program Files (x86)\NVIDIA Corporation\PhysX\Common;C:\WINDOWS\system32;C:\WINDOWS;C:\WINDOWS\System32\Wbem;C:\WINDOWS\System32\WindowsPowerShell\v1.0\;C:\WINDOWS\System32\OpenSSH\;C:\Program Files\NVIDIA Corporation\NVIDIA app\NvDLISR;C:\Program Files\apache-maven-3.9.11\bin;C:\Program Files\Git\cmd;C:\Program Files\Java\jdk-17\bin;C:\Users\merve\AppData\Local\Microsoft\WindowsApps;C:\Users\merve\AppData\Local\GitHubDesktop\bin;C:\Users\merve\OneDrive\Masaüstü\sts-4.31.0.RELEASE;;."/>
    <property name="java.vm.info" value="mixed mode, sharing"/>
    <property name="stderr.encoding" value="Cp1254"/>
    <property name="java.vendor" value="Eclipse Adoptium"/>
    <property name="java.vm.version" value="21.0.7+6-LTS"/>
    <property name="sun.io.unicode.encoding" value="UnicodeLittle"/>
    <property name="java.class.version" value="65.0"/>
  </properties>
  <testcase name="shouldCreateTraineeSuccessfully" classname="com.epam.gym_crm.service.impl.TraineeServiceImplTest" time="0.091">
    <system-out><![CDATA[20:44:04.435 [main] [NO-TX] INFO  c.e.g.s.impl.TraineeServiceImpl - Received new transient User object for Trainee: Username = New.Trainee
20:44:04.435 [main] [NO-TX] INFO  c.e.g.s.impl.TraineeServiceImpl - Trainee profile created successfully for user: New.Trainee
]]></system-out>
  </testcase>
  <testcase name="shouldUpdateTraineeSuccessfully" classname="com.epam.gym_crm.service.impl.TraineeServiceImplTest" time="0.005">
    <system-out><![CDATA[20:44:04.439 [main] [NO-TX] INFO  c.e.g.s.impl.TraineeServiceImpl - Trainee profile updated successfully for user: Test.Trainee
]]></system-out>
  </testcase>
  <testcase name="shouldFindTraineeByUsernameSuccessfully" classname="com.epam.gym_crm.service.impl.TraineeServiceImplTest" time="0.002">
    <system-out><![CDATA[20:44:04.443 [main] [NO-TX] INFO  c.e.g.s.impl.TraineeServiceImpl - User 'test.user' attempting to find Trainee profile for username 'test.user'.
20:44:04.443 [main] [NO-TX] INFO  c.e.g.s.impl.TraineeServiceImpl - Finding Trainee by username='test.user' -> Found: true
]]></system-out>
  </testcase>
  <testcase name="shouldPropagateExceptionWhenUserCreationFails" classname="com.epam.gym_crm.service.impl.TraineeServiceImplTest" time="0.002"/>
  <testcase name="shouldThrowExceptionWhenTraineeForActivationNotFound" classname="com.epam.gym_crm.service.impl.TraineeServiceImplTest" time="0.004">
    <system-out><![CDATA[20:44:04.449 [main] [NO-TX] INFO  c.e.g.s.impl.TraineeServiceImpl - User 'test.user' attempting to change activation status for Trainee 'Test.Trainee' to 'false'.
20:44:04.449 [main] [NO-TX] WARN  c.e.g.s.impl.TraineeServiceImpl - Trainee profile not found for activation status change with username: Test.Trainee
]]></system-out>
  </testcase>
  <testcase name="shouldDeactivateTraineeSuccessfully" classname="com.epam.gym_crm.service.impl.TraineeServiceImplTest" time="0.003">
    <system-out><![CDATA[20:44:04.453 [main] [NO-TX] INFO  c.e.g.s.impl.TraineeServiceImpl - User 'test.user' attempting to change activation status for Trainee 'Test.Trainee' to 'false'.
20:44:04.454 [main] [NO-TX] INFO  c.e.g.s.impl.TraineeServiceImpl - Trainee 'test.user' activation status changed to false by user 'test.user'.
]]></system-out>
  </testcase>
  <testcase name="shouldUpdateTraineeTrainersListSuccessfully" classname="com.epam.gym_crm.service.impl.TraineeServiceImplTest" time="0.007">
    <system-out><![CDATA[20:44:04.459 [main] [NO-TX] INFO  c.e.g.s.impl.TraineeServiceImpl - User 'test.user' attempting to update trainers list for trainee 'test.user'. Requested trainers: [Trainer.One, Trainer.Two].
20:44:04.460 [main] [NO-TX] INFO  c.e.g.s.impl.TraineeServiceImpl - Successfully updated trainee_trainer join table for trainee 'test.user'.
20:44:04.460 [main] [NO-TX] INFO  c.e.g.s.impl.TraineeServiceImpl - Deleted all old training records for trainee 'test.user' to synchronize with new trainers list.
20:44:04.460 [main] [NO-TX] INFO  c.e.g.s.impl.TraineeServiceImpl - Created a new training record for trainee 'test.user' with trainer 'Trainer.Two'.
20:44:04.460 [main] [NO-TX] INFO  c.e.g.s.impl.TraineeServiceImpl - Created a new training record for trainee 'test.user' with trainer 'Trainer.One'.
]]></system-out>
  </testcase>
  <testcase name="shouldThrowExceptionWhenUpdateRequestIsNull" classname="com.epam.gym_crm.service.impl.TraineeServiceImplTest" time="0.003">
    <system-out><![CDATA[20:44:04.464 [main] [NO-TX] ERROR c.e.g.s.impl.TraineeServiceImpl - Update request or username cannot be null/empty for Trainee profile.
]]></system-out>
  </testcase>
  <testcase name="shouldClearTraineeTrainersListSuccessfully" classname="com.epam.gym_crm.service.impl.TraineeServiceImplTest" time="0.003">
    <system-out><![CDATA[20:44:04.468 [main] [NO-TX] INFO  c.e.g.s.impl.TraineeServiceImpl - User 'test.user' attempting to update trainers list for trainee 'test.user'. Requested trainers: [].
20:44:04.468 [main] [NO-TX] INFO  c.e.g.s.impl.TraineeServiceImpl - Successfully updated trainee_trainer join table for trainee 'test.user'.
20:44:04.468 [main] [NO-TX] INFO  c.e.g.s.impl.TraineeServiceImpl - Deleted all old training records for trainee 'test.user' to synchronize with new trainers list.
]]></system-out>
  </testcase>
  <testcase name="shouldThrowExceptionWhenFindByIdWithNullId" classname="com.epam.gym_crm.service.impl.TraineeServiceImplTest" time="0.004">
    <system-out><![CDATA[20:44:04.472 [main] [NO-TX] INFO  c.e.g.s.impl.TraineeServiceImpl - User 'test.user' attempting to find Trainee profile by ID 'null'.
20:44:04.472 [main] [NO-TX] ERROR c.e.g.s.impl.TraineeServiceImpl - Trainee ID for lookup cannot be null or non-positive: null
]]></system-out>
  </testcase>
  <testcase name="shouldThrowExceptionWhenActivationRequestIsNull" classname="com.epam.gym_crm.service.impl.TraineeServiceImplTest" time="0.003"/>
  <testcase name="shouldThrowExceptionWhenDeleteTraineeByUsernameNotFound" classname="com.epam.gym_crm.service.impl.TraineeServiceImplTest" time="0.003">
    <system-out><![CDATA[20:44:04.479 [main] [NO-TX] INFO  c.e.g.s.impl.TraineeServiceImpl - User 'test.user' attempting to delete Trainee profile for username 'Another.Trainee'.
20:44:04.479 [main] [NO-TX] ERROR c.e.g.s.impl.TraineeServiceImpl - Unauthorized attempt to delete Trainee profile for user 'Another.Trainee' by current user 'test.user'.
]]></system-out>
  </testcase>
  <testcase name="shouldThrowExceptionWhenDeleteTraineeByIdNotFound" classname="com.epam.gym_crm.service.impl.TraineeServiceImplTest" time="0.004">
    <system-out><![CDATA[20:44:04.483 [main] [NO-TX] WARN  c.e.g.s.impl.TraineeServiceImpl - No trainee found to delete with ID=999
]]></system-out>
  </testcase>
  <testcase name="shouldThrowExceptionWhenDeleteTraineeByIdUnauthorized" classname="com.epam.gym_crm.service.impl.TraineeServiceImplTest" time="0.004">
    <system-out><![CDATA[20:44:04.487 [main] [NO-TX] ERROR c.e.g.s.impl.TraineeServiceImpl - Unauthorized attempt to delete Trainee profile with ID '10' by current user 'Unauthorized.User'.
]]></system-out>
  </testcase>
  <testcase name="shouldThrowExceptionWhenDeleteTraineeByUsernameUnauthorized" classname="com.epam.gym_crm.service.impl.TraineeServiceImplTest" time="0.003">
    <system-out><![CDATA[20:44:04.490 [main] [NO-TX] INFO  c.e.g.s.impl.TraineeServiceImpl - User 'Unauthorized.User' attempting to delete Trainee profile for username 'test.user'.
20:44:04.490 [main] [NO-TX] ERROR c.e.g.s.impl.TraineeServiceImpl - Unauthorized attempt to delete Trainee profile for user 'test.user' by current user 'Unauthorized.User'.
]]></system-out>
  </testcase>
  <testcase name="shouldThrowExceptionWhenUpdateUnauthorized" classname="com.epam.gym_crm.service.impl.TraineeServiceImplTest" time="0.006">
    <system-out><![CDATA[20:44:04.493 [main] [NO-TX] ERROR c.e.g.s.impl.TraineeServiceImpl - Unauthorized attempt to update Trainee profile for user 'test.user' by current user 'Unauthorized.User'.
]]></system-out>
  </testcase>
  <testcase name="shouldDeleteTraineeByIdSuccessfully" classname="com.epam.gym_crm.service.impl.TraineeServiceImplTest" time="0.006">
    <system-out><![CDATA[20:44:04.504 [main] [NO-TX] INFO  c.e.g.s.impl.TraineeServiceImpl - Complete deletion of Trainee profile for ID '10' (username: 'test.user') and all associated data (User, Trainings) performed successfully by user 'test.user'.
]]></system-out>
  </testcase>
  <testcase name="shouldThrowExceptionWhenFindByIdNotFound" classname="com.epam.gym_crm.service.impl.TraineeServiceImplTest" time="0.004">
    <system-out><![CDATA[20:44:04.507 [main] [NO-TX] INFO  c.e.g.s.impl.TraineeServiceImpl - User 'test.user' attempting to find Trainee profile by ID '999'.
20:44:04.507 [main] [NO-TX] WARN  c.e.g.s.impl.TraineeServiceImpl - Trainee not found with ID=999
]]></system-out>
  </testcase>
  <testcase name="shouldThrowExceptionWhenTraineeForUpdateTrainersIsInactive" classname="com.epam.gym_crm.service.impl.TraineeServiceImplTest" time="0.003">
    <system-out><![CDATA[20:44:04.511 [main] [NO-TX] INFO  c.e.g.s.impl.TraineeServiceImpl - User 'test.user' attempting to update trainers list for trainee 'test.user'. Requested trainers: [Trainer.One].
]]></system-out>
  </testcase>
  <testcase name="shouldThrowExceptionWhenCreateRequestIsNull" classname="com.epam.gym_crm.service.impl.TraineeServiceImplTest" time="0.002">
    <system-out><![CDATA[20:44:04.514 [main] [NO-TX] ERROR c.e.g.s.impl.TraineeServiceImpl - Trainee can not be null
]]></system-out>
  </testcase>
  <testcase name="shouldThrowExceptionWhenTrainerInListInactive" classname="com.epam.gym_crm.service.impl.TraineeServiceImplTest" time="0.004">
    <system-out><![CDATA[20:44:04.516 [main] [NO-TX] INFO  c.e.g.s.impl.TraineeServiceImpl - User 'test.user' attempting to update trainers list for trainee 'test.user'. Requested trainers: [Inactive.Trainer].
]]></system-out>
  </testcase>
  <testcase name="shouldReturnEmptyListWhenNoTraineesExist" classname="com.epam.gym_crm.service.impl.TraineeServiceImplTest" time="0.003">
    <system-out><![CDATA[20:44:04.521 [main] [NO-TX] INFO  c.e.g.s.impl.TraineeServiceImpl - User 'test.user' attempting to retrieve all Trainees.
20:44:04.521 [main] [NO-TX] INFO  c.e.g.s.impl.TraineeServiceImpl - Retrieving all trainees -> Count: 0
20:44:04.522 [main] [NO-TX] INFO  c.e.g.s.impl.TraineeServiceImpl - Converted 0 Trainee entities to TraineeResponse DTOs.
]]></system-out>
  </testcase>
  <testcase name="shouldThrowExceptionWhenUpdateTraineeNotFound" classname="com.epam.gym_crm.service.impl.TraineeServiceImplTest" time="0.002">
    <system-out><![CDATA[20:44:04.524 [main] [NO-TX] WARN  c.e.g.s.impl.TraineeServiceImpl - Trainee profile not found for update with username: test.user
]]></system-out>
  </testcase>
  <testcase name="shouldDeleteTraineeByUsernameSuccessfully" classname="com.epam.gym_crm.service.impl.TraineeServiceImplTest" time="0.002">
    <system-out><![CDATA[20:44:04.527 [main] [NO-TX] INFO  c.e.g.s.impl.TraineeServiceImpl - User 'test.user' attempting to delete Trainee profile for username 'test.user'.
20:44:04.527 [main] [NO-TX] INFO  c.e.g.s.impl.TraineeServiceImpl - Complete deletion of Trainee profile for username 'test.user' and all associated data (User, Trainings) performed successfully by user 'test.user'.
]]></system-out>
  </testcase>
  <testcase name="shouldThrowExceptionWhenDeleteTraineeByIdWithNullId" classname="com.epam.gym_crm.service.impl.TraineeServiceImplTest" time="0.002">
    <system-out><![CDATA[20:44:04.530 [main] [NO-TX] ERROR c.e.g.s.impl.TraineeServiceImpl - Trainee ID for deletion cannot be null or non-positive: null
]]></system-out>
  </testcase>
  <testcase name="shouldThrowExceptionWhenUpdateTrainersUnauthorized" classname="com.epam.gym_crm.service.impl.TraineeServiceImplTest" time="0.002">
    <system-out><![CDATA[20:44:04.533 [main] [NO-TX] INFO  c.e.g.s.impl.TraineeServiceImpl - User 'Unauthorized.User' attempting to update trainers list for trainee 'test.user'. Requested trainers: null.
]]></system-out>
  </testcase>
  <testcase name="shouldNotChangeActivationStatusIfAlreadyInRequestedState" classname="com.epam.gym_crm.service.impl.TraineeServiceImplTest" time="0.003">
    <system-out><![CDATA[20:44:04.535 [main] [NO-TX] INFO  c.e.g.s.impl.TraineeServiceImpl - User 'test.user' attempting to change activation status for Trainee 'Test.Trainee' to 'true'.
20:44:04.535 [main] [NO-TX] INFO  c.e.g.s.impl.TraineeServiceImpl - Trainee 'Test.Trainee' is already in the requested state (isActive: true). No change needed.
]]></system-out>
  </testcase>
  <testcase name="shouldThrowExceptionWhenUpdateTrainersRequestIsNull" classname="com.epam.gym_crm.service.impl.TraineeServiceImplTest" time="0.002"/>
  <testcase name="shouldGetAllTraineesSuccessfully" classname="com.epam.gym_crm.service.impl.TraineeServiceImplTest" time="0.003">
    <system-out><![CDATA[20:44:04.540 [main] [NO-TX] INFO  c.e.g.s.impl.TraineeServiceImpl - User 'test.user' attempting to retrieve all Trainees.
20:44:04.540 [main] [NO-TX] INFO  c.e.g.s.impl.TraineeServiceImpl - Retrieving all trainees -> Count: 2
20:44:04.540 [main] [NO-TX] INFO  c.e.g.s.impl.TraineeServiceImpl - Converted 2 Trainee entities to TraineeResponse DTOs.
]]></system-out>
  </testcase>
  <testcase name="shouldFindTraineeByIdSuccessfully" classname="com.epam.gym_crm.service.impl.TraineeServiceImplTest" time="0.001">
    <system-out><![CDATA[20:44:04.542 [main] [NO-TX] INFO  c.e.g.s.impl.TraineeServiceImpl - User 'test.user' attempting to find Trainee profile by ID '10'.
20:44:04.542 [main] [NO-TX] INFO  c.e.g.s.impl.TraineeServiceImpl - Finding Trainee by ID=10 -> Found: true
]]></system-out>
  </testcase>
  <testcase name="shouldThrowExceptionWhenFindByUsernameNotFound" classname="com.epam.gym_crm.service.impl.TraineeServiceImplTest" time="0.001">
    <system-out><![CDATA[20:44:04.544 [main] [NO-TX] INFO  c.e.g.s.impl.TraineeServiceImpl - User 'test.user' attempting to find Trainee profile for username 'NonExistent.User'.
20:44:04.544 [main] [NO-TX] WARN  c.e.g.s.impl.TraineeServiceImpl - Trainee not found with username:NonExistent.User
]]></system-out>
  </testcase>
  <testcase name="shouldThrowExceptionWhenTraineeForUpdateTrainersNotFound" classname="com.epam.gym_crm.service.impl.TraineeServiceImplTest" time="0.002">
    <system-out><![CDATA[20:44:04.548 [main] [NO-TX] INFO  c.e.g.s.impl.TraineeServiceImpl - User 'NonExistent.Trainee' attempting to update trainers list for trainee 'NonExistent.Trainee'. Requested trainers: [Trainer.One].
]]></system-out>
  </testcase>
  <testcase name="shouldActivateTraineeSuccessfully" classname="com.epam.gym_crm.service.impl.TraineeServiceImplTest" time="0.003">
    <system-out><![CDATA[20:44:04.551 [main] [NO-TX] INFO  c.e.g.s.impl.TraineeServiceImpl - User 'test.user' attempting to change activation status for Trainee 'Test.Trainee' to 'true'.
20:44:04.551 [main] [NO-TX] INFO  c.e.g.s.impl.TraineeServiceImpl - Trainee 'test.user' activation status changed to true by user 'test.user'.
]]></system-out>
  </testcase>
  <testcase name="shouldThrowExceptionWhenFindByUsernameWithNullOrEmpty" classname="com.epam.gym_crm.service.impl.TraineeServiceImplTest" time="0.004">
    <system-out><![CDATA[20:44:04.554 [main] [NO-TX] INFO  c.e.g.s.impl.TraineeServiceImpl - User 'null' attempting to find Trainee profile for username 'null'.
20:44:04.554 [main] [NO-TX] ERROR c.e.g.s.impl.TraineeServiceImpl - Trainee username for lookup cannot be null or empty.
20:44:04.555 [main] [NO-TX] INFO  c.e.g.s.impl.TraineeServiceImpl - User 'null' attempting to find Trainee profile for username ''.
20:44:04.555 [main] [NO-TX] ERROR c.e.g.s.impl.TraineeServiceImpl - Trainee username for lookup cannot be null or empty.
]]></system-out>
  </testcase>
  <testcase name="shouldThrowExceptionWhenDeleteTraineeByUsernameWithNullOrEmpty" classname="com.epam.gym_crm.service.impl.TraineeServiceImplTest" time="0.003">
    <system-out><![CDATA[20:44:04.559 [main] [NO-TX] INFO  c.e.g.s.impl.TraineeServiceImpl - User 'null' attempting to delete Trainee profile for username 'null'.
20:44:04.559 [main] [NO-TX] ERROR c.e.g.s.impl.TraineeServiceImpl - Username cannot be null or empty for Trainee deletion.
20:44:04.559 [main] [NO-TX] INFO  c.e.g.s.impl.TraineeServiceImpl - User 'null' attempting to delete Trainee profile for username ''.
20:44:04.559 [main] [NO-TX] ERROR c.e.g.s.impl.TraineeServiceImpl - Username cannot be null or empty for Trainee deletion.
]]></system-out>
  </testcase>
  <testcase name="shouldThrowExceptionWhenTrainerInListNotFound" classname="com.epam.gym_crm.service.impl.TraineeServiceImplTest" time="0.004">
    <system-out><![CDATA[20:44:04.563 [main] [NO-TX] INFO  c.e.g.s.impl.TraineeServiceImpl - User 'test.user' attempting to update trainers list for trainee 'test.user'. Requested trainers: [Trainer.One, NonExistent.Trainer].
]]></system-out>
  </testcase>
</testsuite>